Jan 08, 2019 11:37:23 AM null
OFF: ERROR: no existe la columna vc.mon_iva5
  Hint: Perhaps you meant to reference the column "vc.mon_iva05".
  Position: 132
Jan 08, 2019 11:37:23 AM null
ALL: org.postgresql.core.v3.QueryExecutorImpl.receiveErrorResponse(QueryExecutorImpl.java:2310)ok
Jan 08, 2019 11:37:23 AM null
ALL: org.postgresql.core.v3.QueryExecutorImpl.processResults(QueryExecutorImpl.java:2023)ok
Jan 08, 2019 11:37:23 AM null
ALL: org.postgresql.core.v3.QueryExecutorImpl.execute(QueryExecutorImpl.java:217)ok
Jan 08, 2019 11:37:23 AM null
ALL: org.postgresql.jdbc.PgStatement.execute(PgStatement.java:421)ok
Jan 08, 2019 11:37:23 AM null
ALL: org.postgresql.jdbc.PgStatement.executeWithFlags(PgStatement.java:318)ok
Jan 08, 2019 11:37:23 AM null
ALL: org.postgresql.jdbc.PgStatement.executeQuery(PgStatement.java:281)ok
Jan 08, 2019 11:37:23 AM null
ALL: utiles.DBManager.ejecutarDSL(DBManager.java:387)ok
Jan 08, 2019 11:37:23 AM null
ALL: ModCaja.AnulacionDocVenta.getDatosDocumento(AnulacionDocVenta.java:53)ok
Jan 08, 2019 11:37:23 AM null
ALL: ModCaja.AnulacionDocVenta.jBBuscarActionPerformed(AnulacionDocVenta.java:566)ok
Jan 08, 2019 11:37:23 AM null
ALL: ModCaja.AnulacionDocVenta.access$500(AnulacionDocVenta.java:20)ok
Jan 08, 2019 11:37:23 AM null
ALL: ModCaja.AnulacionDocVenta$6.actionPerformed(AnulacionDocVenta.java:257)ok
Jan 08, 2019 11:37:23 AM null
ALL: javax.swing.AbstractButton.fireActionPerformed(AbstractButton.java:2022)ok
Jan 08, 2019 11:37:23 AM null
ALL: javax.swing.AbstractButton$Handler.actionPerformed(AbstractButton.java:2348)ok
Jan 08, 2019 11:37:23 AM null
ALL: javax.swing.DefaultButtonModel.fireActionPerformed(DefaultButtonModel.java:402)ok
Jan 08, 2019 11:37:23 AM null
ALL: javax.swing.DefaultButtonModel.setPressed(DefaultButtonModel.java:259)ok
Jan 08, 2019 11:37:23 AM null
ALL: javax.swing.plaf.basic.BasicButtonListener$Actions.actionPerformed(BasicButtonListener.java:303)ok
Jan 08, 2019 11:37:23 AM null
ALL: javax.swing.SwingUtilities.notifyAction(SwingUtilities.java:1663)ok
Jan 08, 2019 11:37:23 AM null
ALL: javax.swing.JComponent.processKeyBinding(JComponent.java:2882)ok
Jan 08, 2019 11:37:23 AM null
ALL: javax.swing.JComponent.processKeyBindings(JComponent.java:2929)ok
Jan 08, 2019 11:37:23 AM null
ALL: javax.swing.JComponent.processKeyEvent(JComponent.java:2845)ok
Jan 08, 2019 11:37:23 AM null
ALL: java.awt.Component.processEvent(Component.java:6310)ok
Jan 08, 2019 11:37:23 AM null
ALL: java.awt.Container.processEvent(Container.java:2237)ok
Jan 08, 2019 11:37:23 AM null
ALL: java.awt.Component.dispatchEventImpl(Component.java:4889)ok
Jan 08, 2019 11:37:23 AM null
ALL: java.awt.Container.dispatchEventImpl(Container.java:2295)ok
Jan 08, 2019 11:37:23 AM null
ALL: java.awt.Component.dispatchEvent(Component.java:4711)ok
Jan 08, 2019 11:37:23 AM null
ALL: java.awt.KeyboardFocusManager.redispatchEvent(KeyboardFocusManager.java:1954)ok
Jan 08, 2019 11:37:23 AM null
ALL: java.awt.DefaultKeyboardFocusManager.dispatchKeyEvent(DefaultKeyboardFocusManager.java:806)ok
Jan 08, 2019 11:37:23 AM null
ALL: java.awt.DefaultKeyboardFocusManager.preDispatchKeyEvent(DefaultKeyboardFocusManager.java:1074)ok
Jan 08, 2019 11:37:23 AM null
ALL: java.awt.DefaultKeyboardFocusManager.typeAheadAssertions(DefaultKeyboardFocusManager.java:945)ok
Jan 08, 2019 11:37:23 AM null
ALL: java.awt.DefaultKeyboardFocusManager.dispatchEvent(DefaultKeyboardFocusManager.java:771)ok
Jan 08, 2019 11:37:23 AM null
ALL: java.awt.Component.dispatchEventImpl(Component.java:4760)ok
Jan 08, 2019 11:37:23 AM null
ALL: java.awt.Container.dispatchEventImpl(Container.java:2295)ok
Jan 08, 2019 11:37:23 AM null
ALL: java.awt.Window.dispatchEventImpl(Window.java:2746)ok
Jan 08, 2019 11:37:23 AM null
ALL: java.awt.Component.dispatchEvent(Component.java:4711)ok
Jan 08, 2019 11:37:23 AM null
ALL: java.awt.EventQueue.dispatchEventImpl(EventQueue.java:758)ok
Jan 08, 2019 11:37:23 AM null
ALL: java.awt.EventQueue.access$500(EventQueue.java:97)ok
Jan 08, 2019 11:37:23 AM null
ALL: java.awt.EventQueue$3.run(EventQueue.java:709)ok
Jan 08, 2019 11:37:23 AM null
ALL: java.awt.EventQueue$3.run(EventQueue.java:703)ok
Jan 08, 2019 11:37:23 AM null
ALL: java.security.AccessController.doPrivileged(Native Method)ok
Jan 08, 2019 11:37:23 AM null
ALL: java.security.ProtectionDomain$JavaSecurityAccessImpl.doIntersectionPrivilege(ProtectionDomain.java:80)ok
Jan 08, 2019 11:37:23 AM null
ALL: java.security.ProtectionDomain$JavaSecurityAccessImpl.doIntersectionPrivilege(ProtectionDomain.java:90)ok
Jan 08, 2019 11:37:23 AM null
ALL: java.awt.EventQueue$4.run(EventQueue.java:731)ok
Jan 08, 2019 11:37:23 AM null
ALL: java.awt.EventQueue$4.run(EventQueue.java:729)ok
Jan 08, 2019 11:37:23 AM null
ALL: java.security.AccessController.doPrivileged(Native Method)ok
Jan 08, 2019 11:37:23 AM null
ALL: java.security.ProtectionDomain$JavaSecurityAccessImpl.doIntersectionPrivilege(ProtectionDomain.java:80)ok
Jan 08, 2019 11:37:23 AM null
ALL: java.awt.EventQueue.dispatchEvent(EventQueue.java:728)ok
Jan 08, 2019 11:37:23 AM null
ALL: java.awt.EventDispatchThread.pumpOneEventForFilters(EventDispatchThread.java:201)ok
Jan 08, 2019 11:37:23 AM null
ALL: java.awt.EventDispatchThread.pumpEventsForFilter(EventDispatchThread.java:116)ok
Jan 08, 2019 11:37:23 AM null
ALL: java.awt.EventDispatchThread.pumpEventsForFilter(EventDispatchThread.java:109)ok
Jan 08, 2019 11:37:23 AM null
ALL: java.awt.WaitDispatchSupport$2.run(WaitDispatchSupport.java:190)ok
Jan 08, 2019 11:37:23 AM null
ALL: java.awt.WaitDispatchSupport$4.run(WaitDispatchSupport.java:235)ok
Jan 08, 2019 11:37:23 AM null
ALL: java.awt.WaitDispatchSupport$4.run(WaitDispatchSupport.java:233)ok
Jan 08, 2019 11:37:23 AM null
ALL: java.security.AccessController.doPrivileged(Native Method)ok
Jan 08, 2019 11:37:23 AM null
ALL: java.awt.WaitDispatchSupport.enter(WaitDispatchSupport.java:233)ok
Jan 08, 2019 11:37:23 AM null
ALL: java.awt.Dialog.show(Dialog.java:1084)ok
Jan 08, 2019 11:37:23 AM null
ALL: java.awt.Component.show(Component.java:1671)ok
Jan 08, 2019 11:37:23 AM null
ALL: java.awt.Component.setVisible(Component.java:1623)ok
Jan 08, 2019 11:37:23 AM null
ALL: java.awt.Window.setVisible(Window.java:1014)ok
Jan 08, 2019 11:37:23 AM null
ALL: java.awt.Dialog.setVisible(Dialog.java:1005)ok
Jan 08, 2019 11:37:23 AM null
ALL: principal.CajaMain.jMnuIAnulacionDocVentaActionPerformed(CajaMain.java:374)ok
Jan 08, 2019 11:37:23 AM null
ALL: principal.CajaMain.access$900(CajaMain.java:28)ok
Jan 08, 2019 11:37:23 AM null
ALL: principal.CajaMain$7.actionPerformed(CajaMain.java:304)ok
Jan 08, 2019 11:37:23 AM null
ALL: javax.swing.AbstractButton.fireActionPerformed(AbstractButton.java:2022)ok
Jan 08, 2019 11:37:23 AM null
ALL: javax.swing.AbstractButton$Handler.actionPerformed(AbstractButton.java:2348)ok
Jan 08, 2019 11:37:23 AM null
ALL: javax.swing.DefaultButtonModel.fireActionPerformed(DefaultButtonModel.java:402)ok
Jan 08, 2019 11:37:23 AM null
ALL: javax.swing.DefaultButtonModel.setPressed(DefaultButtonModel.java:259)ok
Jan 08, 2019 11:37:23 AM null
ALL: javax.swing.AbstractButton.doClick(AbstractButton.java:376)ok
Jan 08, 2019 11:37:23 AM null
ALL: javax.swing.plaf.basic.BasicMenuItemUI.doClick(BasicMenuItemUI.java:842)ok
Jan 08, 2019 11:37:23 AM null
ALL: javax.swing.plaf.basic.BasicMenuItemUI$Handler.mouseReleased(BasicMenuItemUI.java:886)ok
Jan 08, 2019 11:37:23 AM null
ALL: java.awt.Component.processMouseEvent(Component.java:6533)ok
Jan 08, 2019 11:37:23 AM null
ALL: javax.swing.JComponent.processMouseEvent(JComponent.java:3324)ok
Jan 08, 2019 11:37:23 AM null
ALL: java.awt.Component.processEvent(Component.java:6298)ok
Jan 08, 2019 11:37:23 AM null
ALL: java.awt.Container.processEvent(Container.java:2237)ok
Jan 08, 2019 11:37:23 AM null
ALL: java.awt.Component.dispatchEventImpl(Component.java:4889)ok
Jan 08, 2019 11:37:23 AM null
ALL: java.awt.Container.dispatchEventImpl(Container.java:2295)ok
Jan 08, 2019 11:37:23 AM null
ALL: java.awt.Component.dispatchEvent(Component.java:4711)ok
Jan 08, 2019 11:37:23 AM null
ALL: java.awt.LightweightDispatcher.retargetMouseEvent(Container.java:4889)ok
Jan 08, 2019 11:37:23 AM null
ALL: java.awt.LightweightDispatcher.processMouseEvent(Container.java:4526)ok
Jan 08, 2019 11:37:23 AM null
ALL: java.awt.LightweightDispatcher.dispatchEvent(Container.java:4467)ok
Jan 08, 2019 11:37:23 AM null
ALL: java.awt.Container.dispatchEventImpl(Container.java:2281)ok
Jan 08, 2019 11:37:23 AM null
ALL: java.awt.Window.dispatchEventImpl(Window.java:2746)ok
Jan 08, 2019 11:37:23 AM null
ALL: java.awt.Component.dispatchEvent(Component.java:4711)ok
Jan 08, 2019 11:37:23 AM null
ALL: java.awt.EventQueue.dispatchEventImpl(EventQueue.java:758)ok
Jan 08, 2019 11:37:23 AM null
ALL: java.awt.EventQueue.access$500(EventQueue.java:97)ok
Jan 08, 2019 11:37:23 AM null
ALL: java.awt.EventQueue$3.run(EventQueue.java:709)ok
Jan 08, 2019 11:37:23 AM null
ALL: java.awt.EventQueue$3.run(EventQueue.java:703)ok
Jan 08, 2019 11:37:23 AM null
ALL: java.security.AccessController.doPrivileged(Native Method)ok
Jan 08, 2019 11:37:23 AM null
ALL: java.security.ProtectionDomain$JavaSecurityAccessImpl.doIntersectionPrivilege(ProtectionDomain.java:80)ok
Jan 08, 2019 11:37:23 AM null
ALL: java.security.ProtectionDomain$JavaSecurityAccessImpl.doIntersectionPrivilege(ProtectionDomain.java:90)ok
Jan 08, 2019 11:37:23 AM null
ALL: java.awt.EventQueue$4.run(EventQueue.java:731)ok
Jan 08, 2019 11:37:23 AM null
ALL: java.awt.EventQueue$4.run(EventQueue.java:729)ok
Jan 08, 2019 11:37:23 AM null
ALL: java.security.AccessController.doPrivileged(Native Method)ok
Jan 08, 2019 11:37:23 AM null
ALL: java.security.ProtectionDomain$JavaSecurityAccessImpl.doIntersectionPrivilege(ProtectionDomain.java:80)ok
Jan 08, 2019 11:37:23 AM null
ALL: java.awt.EventQueue.dispatchEvent(EventQueue.java:728)ok
Jan 08, 2019 11:37:23 AM null
ALL: java.awt.EventDispatchThread.pumpOneEventForFilters(EventDispatchThread.java:201)ok
Jan 08, 2019 11:37:23 AM null
ALL: java.awt.EventDispatchThread.pumpEventsForFilter(EventDispatchThread.java:116)ok
Jan 08, 2019 11:37:23 AM null
ALL: java.awt.EventDispatchThread.pumpEventsForHierarchy(EventDispatchThread.java:105)ok
Jan 08, 2019 11:37:23 AM null
ALL: java.awt.EventDispatchThread.pumpEvents(EventDispatchThread.java:101)ok
Jan 08, 2019 11:37:23 AM null
ALL: java.awt.EventDispatchThread.pumpEvents(EventDispatchThread.java:93)ok
Jan 08, 2019 11:37:23 AM null
ALL: java.awt.EventDispatchThread.run(EventDispatchThread.java:82)ok
