Jan 23, 2019 4:44:22 PM null
OFF: ERROR: transacción abortada, las órdenes serán ignoradas hasta el fin de bloque de transacción
Jan 23, 2019 4:44:22 PM null
ALL: org.postgresql.core.v3.QueryExecutorImpl.receiveErrorResponse(QueryExecutorImpl.java:2310)ok
Jan 23, 2019 4:44:22 PM null
ALL: org.postgresql.core.v3.QueryExecutorImpl.processResults(QueryExecutorImpl.java:2023)ok
Jan 23, 2019 4:44:22 PM null
ALL: org.postgresql.core.v3.QueryExecutorImpl.execute(QueryExecutorImpl.java:217)ok
Jan 23, 2019 4:44:22 PM null
ALL: org.postgresql.jdbc.PgStatement.execute(PgStatement.java:421)ok
Jan 23, 2019 4:44:22 PM null
ALL: org.postgresql.jdbc.PgStatement.executeWithFlags(PgStatement.java:318)ok
Jan 23, 2019 4:44:22 PM null
ALL: org.postgresql.jdbc.PgStatement.executeUpdate(PgStatement.java:294)ok
Jan 23, 2019 4:44:22 PM null
ALL: utiles.DBManager.ejecutarDML(DBManager.java:373)ok
Jan 23, 2019 4:44:22 PM null
ALL: ModAbastecimiento.AnulacionDocCompraGasto.grabarPrevioCommit(AnulacionDocCompraGasto.java:442)ok
Jan 23, 2019 4:44:22 PM null
ALL: ModAbastecimiento.AnulacionDocCompraGasto.anulacionCompraDet(AnulacionDocCompraGasto.java:437)ok
Jan 23, 2019 4:44:22 PM null
ALL: ModAbastecimiento.AnulacionDocCompraGasto.anularDocCompra(AnulacionDocCompraGasto.java:329)ok
Jan 23, 2019 4:44:22 PM null
ALL: ModAbastecimiento.AnulacionDocCompraGasto.jBAnularDocumentoActionPerformed(AnulacionDocCompraGasto.java:1029)ok
Jan 23, 2019 4:44:22 PM null
ALL: ModAbastecimiento.AnulacionDocCompraGasto.access$1500(AnulacionDocCompraGasto.java:29)ok
Jan 23, 2019 4:44:22 PM null
ALL: ModAbastecimiento.AnulacionDocCompraGasto$14.actionPerformed(AnulacionDocCompraGasto.java:729)ok
Jan 23, 2019 4:44:22 PM null
ALL: javax.swing.AbstractButton.fireActionPerformed(AbstractButton.java:2022)ok
Jan 23, 2019 4:44:22 PM null
ALL: javax.swing.AbstractButton$Handler.actionPerformed(AbstractButton.java:2348)ok
Jan 23, 2019 4:44:22 PM null
ALL: javax.swing.DefaultButtonModel.fireActionPerformed(DefaultButtonModel.java:402)ok
Jan 23, 2019 4:44:22 PM null
ALL: javax.swing.DefaultButtonModel.setPressed(DefaultButtonModel.java:259)ok
Jan 23, 2019 4:44:22 PM null
ALL: javax.swing.plaf.basic.BasicButtonListener$Actions.actionPerformed(BasicButtonListener.java:303)ok
Jan 23, 2019 4:44:22 PM null
ALL: javax.swing.SwingUtilities.notifyAction(SwingUtilities.java:1663)ok
Jan 23, 2019 4:44:22 PM null
ALL: javax.swing.JComponent.processKeyBinding(JComponent.java:2882)ok
Jan 23, 2019 4:44:22 PM null
ALL: javax.swing.JComponent.processKeyBindings(JComponent.java:2929)ok
Jan 23, 2019 4:44:22 PM null
ALL: javax.swing.JComponent.processKeyEvent(JComponent.java:2845)ok
Jan 23, 2019 4:44:22 PM null
ALL: java.awt.Component.processEvent(Component.java:6310)ok
Jan 23, 2019 4:44:22 PM null
ALL: java.awt.Container.processEvent(Container.java:2237)ok
Jan 23, 2019 4:44:22 PM null
ALL: java.awt.Component.dispatchEventImpl(Component.java:4889)ok
Jan 23, 2019 4:44:22 PM null
ALL: java.awt.Container.dispatchEventImpl(Container.java:2295)ok
Jan 23, 2019 4:44:22 PM null
ALL: java.awt.Component.dispatchEvent(Component.java:4711)ok
Jan 23, 2019 4:44:22 PM null
ALL: java.awt.KeyboardFocusManager.redispatchEvent(KeyboardFocusManager.java:1954)ok
Jan 23, 2019 4:44:22 PM null
ALL: java.awt.DefaultKeyboardFocusManager.dispatchKeyEvent(DefaultKeyboardFocusManager.java:806)ok
Jan 23, 2019 4:44:22 PM null
ALL: java.awt.DefaultKeyboardFocusManager.preDispatchKeyEvent(DefaultKeyboardFocusManager.java:1074)ok
Jan 23, 2019 4:44:22 PM null
ALL: java.awt.DefaultKeyboardFocusManager.typeAheadAssertions(DefaultKeyboardFocusManager.java:945)ok
Jan 23, 2019 4:44:22 PM null
ALL: java.awt.DefaultKeyboardFocusManager.dispatchEvent(DefaultKeyboardFocusManager.java:771)ok
Jan 23, 2019 4:44:22 PM null
ALL: java.awt.Component.dispatchEventImpl(Component.java:4760)ok
Jan 23, 2019 4:44:22 PM null
ALL: java.awt.Container.dispatchEventImpl(Container.java:2295)ok
Jan 23, 2019 4:44:22 PM null
ALL: java.awt.Window.dispatchEventImpl(Window.java:2746)ok
Jan 23, 2019 4:44:22 PM null
ALL: java.awt.Component.dispatchEvent(Component.java:4711)ok
Jan 23, 2019 4:44:22 PM null
ALL: java.awt.EventQueue.dispatchEventImpl(EventQueue.java:758)ok
Jan 23, 2019 4:44:22 PM null
ALL: java.awt.EventQueue.access$500(EventQueue.java:97)ok
Jan 23, 2019 4:44:22 PM null
ALL: java.awt.EventQueue$3.run(EventQueue.java:709)ok
Jan 23, 2019 4:44:22 PM null
ALL: java.awt.EventQueue$3.run(EventQueue.java:703)ok
Jan 23, 2019 4:44:22 PM null
ALL: java.security.AccessController.doPrivileged(Native Method)ok
Jan 23, 2019 4:44:22 PM null
ALL: java.security.ProtectionDomain$JavaSecurityAccessImpl.doIntersectionPrivilege(ProtectionDomain.java:80)ok
Jan 23, 2019 4:44:22 PM null
ALL: java.security.ProtectionDomain$JavaSecurityAccessImpl.doIntersectionPrivilege(ProtectionDomain.java:90)ok
Jan 23, 2019 4:44:22 PM null
ALL: java.awt.EventQueue$4.run(EventQueue.java:731)ok
Jan 23, 2019 4:44:22 PM null
ALL: java.awt.EventQueue$4.run(EventQueue.java:729)ok
Jan 23, 2019 4:44:22 PM null
ALL: java.security.AccessController.doPrivileged(Native Method)ok
Jan 23, 2019 4:44:22 PM null
ALL: java.security.ProtectionDomain$JavaSecurityAccessImpl.doIntersectionPrivilege(ProtectionDomain.java:80)ok
Jan 23, 2019 4:44:22 PM null
ALL: java.awt.EventQueue.dispatchEvent(EventQueue.java:728)ok
Jan 23, 2019 4:44:22 PM null
ALL: java.awt.EventDispatchThread.pumpOneEventForFilters(EventDispatchThread.java:201)ok
Jan 23, 2019 4:44:22 PM null
ALL: java.awt.EventDispatchThread.pumpEventsForFilter(EventDispatchThread.java:116)ok
Jan 23, 2019 4:44:22 PM null
ALL: java.awt.EventDispatchThread.pumpEventsForFilter(EventDispatchThread.java:109)ok
Jan 23, 2019 4:44:22 PM null
ALL: java.awt.WaitDispatchSupport$2.run(WaitDispatchSupport.java:190)ok
Jan 23, 2019 4:44:22 PM null
ALL: java.awt.WaitDispatchSupport$4.run(WaitDispatchSupport.java:235)ok
Jan 23, 2019 4:44:22 PM null
ALL: java.awt.WaitDispatchSupport$4.run(WaitDispatchSupport.java:233)ok
Jan 23, 2019 4:44:22 PM null
ALL: java.security.AccessController.doPrivileged(Native Method)ok
Jan 23, 2019 4:44:22 PM null
ALL: java.awt.WaitDispatchSupport.enter(WaitDispatchSupport.java:233)ok
Jan 23, 2019 4:44:22 PM null
ALL: java.awt.Dialog.show(Dialog.java:1084)ok
Jan 23, 2019 4:44:22 PM null
ALL: java.awt.Component.show(Component.java:1671)ok
Jan 23, 2019 4:44:22 PM null
ALL: java.awt.Component.setVisible(Component.java:1623)ok
Jan 23, 2019 4:44:22 PM null
ALL: java.awt.Window.setVisible(Window.java:1014)ok
Jan 23, 2019 4:44:22 PM null
ALL: java.awt.Dialog.setVisible(Dialog.java:1005)ok
Jan 23, 2019 4:44:22 PM null
ALL: principal.FormAbastecimiento.jMnuIAnulacionDocCompraActionPerformed(FormAbastecimiento.java:288)ok
Jan 23, 2019 4:44:22 PM null
ALL: principal.FormAbastecimiento.access$300(FormAbastecimiento.java:27)ok
Jan 23, 2019 4:44:22 PM null
ALL: principal.FormAbastecimiento$5.actionPerformed(FormAbastecimiento.java:132)ok
Jan 23, 2019 4:44:22 PM null
ALL: javax.swing.AbstractButton.fireActionPerformed(AbstractButton.java:2022)ok
Jan 23, 2019 4:44:22 PM null
ALL: javax.swing.AbstractButton$Handler.actionPerformed(AbstractButton.java:2348)ok
Jan 23, 2019 4:44:22 PM null
ALL: javax.swing.DefaultButtonModel.fireActionPerformed(DefaultButtonModel.java:402)ok
Jan 23, 2019 4:44:22 PM null
ALL: javax.swing.DefaultButtonModel.setPressed(DefaultButtonModel.java:259)ok
Jan 23, 2019 4:44:22 PM null
ALL: javax.swing.AbstractButton.doClick(AbstractButton.java:376)ok
Jan 23, 2019 4:44:22 PM null
ALL: javax.swing.plaf.basic.BasicMenuItemUI.doClick(BasicMenuItemUI.java:842)ok
Jan 23, 2019 4:44:22 PM null
ALL: javax.swing.plaf.basic.BasicMenuItemUI$Handler.mouseReleased(BasicMenuItemUI.java:886)ok
Jan 23, 2019 4:44:22 PM null
ALL: java.awt.Component.processMouseEvent(Component.java:6533)ok
Jan 23, 2019 4:44:22 PM null
ALL: javax.swing.JComponent.processMouseEvent(JComponent.java:3324)ok
Jan 23, 2019 4:44:22 PM null
ALL: java.awt.Component.processEvent(Component.java:6298)ok
Jan 23, 2019 4:44:22 PM null
ALL: java.awt.Container.processEvent(Container.java:2237)ok
Jan 23, 2019 4:44:22 PM null
ALL: java.awt.Component.dispatchEventImpl(Component.java:4889)ok
Jan 23, 2019 4:44:22 PM null
ALL: java.awt.Container.dispatchEventImpl(Container.java:2295)ok
Jan 23, 2019 4:44:22 PM null
ALL: java.awt.Component.dispatchEvent(Component.java:4711)ok
Jan 23, 2019 4:44:22 PM null
ALL: java.awt.LightweightDispatcher.retargetMouseEvent(Container.java:4889)ok
Jan 23, 2019 4:44:22 PM null
ALL: java.awt.LightweightDispatcher.processMouseEvent(Container.java:4526)ok
Jan 23, 2019 4:44:22 PM null
ALL: java.awt.LightweightDispatcher.dispatchEvent(Container.java:4467)ok
Jan 23, 2019 4:44:22 PM null
ALL: java.awt.Container.dispatchEventImpl(Container.java:2281)ok
Jan 23, 2019 4:44:22 PM null
ALL: java.awt.Window.dispatchEventImpl(Window.java:2746)ok
Jan 23, 2019 4:44:22 PM null
ALL: java.awt.Component.dispatchEvent(Component.java:4711)ok
Jan 23, 2019 4:44:22 PM null
ALL: java.awt.EventQueue.dispatchEventImpl(EventQueue.java:758)ok
Jan 23, 2019 4:44:22 PM null
ALL: java.awt.EventQueue.access$500(EventQueue.java:97)ok
Jan 23, 2019 4:44:22 PM null
ALL: java.awt.EventQueue$3.run(EventQueue.java:709)ok
Jan 23, 2019 4:44:22 PM null
ALL: java.awt.EventQueue$3.run(EventQueue.java:703)ok
Jan 23, 2019 4:44:22 PM null
ALL: java.security.AccessController.doPrivileged(Native Method)ok
Jan 23, 2019 4:44:22 PM null
ALL: java.security.ProtectionDomain$JavaSecurityAccessImpl.doIntersectionPrivilege(ProtectionDomain.java:80)ok
Jan 23, 2019 4:44:22 PM null
ALL: java.security.ProtectionDomain$JavaSecurityAccessImpl.doIntersectionPrivilege(ProtectionDomain.java:90)ok
Jan 23, 2019 4:44:22 PM null
ALL: java.awt.EventQueue$4.run(EventQueue.java:731)ok
Jan 23, 2019 4:44:22 PM null
ALL: java.awt.EventQueue$4.run(EventQueue.java:729)ok
Jan 23, 2019 4:44:22 PM null
ALL: java.security.AccessController.doPrivileged(Native Method)ok
Jan 23, 2019 4:44:22 PM null
ALL: java.security.ProtectionDomain$JavaSecurityAccessImpl.doIntersectionPrivilege(ProtectionDomain.java:80)ok
Jan 23, 2019 4:44:22 PM null
ALL: java.awt.EventQueue.dispatchEvent(EventQueue.java:728)ok
Jan 23, 2019 4:44:22 PM null
ALL: java.awt.EventDispatchThread.pumpOneEventForFilters(EventDispatchThread.java:201)ok
Jan 23, 2019 4:44:22 PM null
ALL: java.awt.EventDispatchThread.pumpEventsForFilter(EventDispatchThread.java:116)ok
Jan 23, 2019 4:44:22 PM null
ALL: java.awt.EventDispatchThread.pumpEventsForHierarchy(EventDispatchThread.java:105)ok
Jan 23, 2019 4:44:22 PM null
ALL: java.awt.EventDispatchThread.pumpEvents(EventDispatchThread.java:101)ok
Jan 23, 2019 4:44:22 PM null
ALL: java.awt.EventDispatchThread.pumpEvents(EventDispatchThread.java:93)ok
Jan 23, 2019 4:44:22 PM null
ALL: java.awt.EventDispatchThread.run(EventDispatchThread.java:82)ok
Jan 23, 2019 4:44:22 PM null
OFF: ERROR: transacción abortada, las órdenes serán ignoradas hasta el fin de bloque de transacción
Jan 23, 2019 4:44:22 PM null
ALL: org.postgresql.core.v3.QueryExecutorImpl.receiveErrorResponse(QueryExecutorImpl.java:2310)ok
Jan 23, 2019 4:44:22 PM null
ALL: org.postgresql.core.v3.QueryExecutorImpl.processResults(QueryExecutorImpl.java:2023)ok
Jan 23, 2019 4:44:22 PM null
ALL: org.postgresql.core.v3.QueryExecutorImpl.execute(QueryExecutorImpl.java:217)ok
Jan 23, 2019 4:44:22 PM null
ALL: org.postgresql.jdbc.PgStatement.execute(PgStatement.java:421)ok
Jan 23, 2019 4:44:22 PM null
ALL: org.postgresql.jdbc.PgStatement.executeWithFlags(PgStatement.java:318)ok
Jan 23, 2019 4:44:22 PM null
ALL: org.postgresql.jdbc.PgStatement.executeUpdate(PgStatement.java:294)ok
Jan 23, 2019 4:44:22 PM null
ALL: utiles.DBManager.ejecutarDML(DBManager.java:373)ok
Jan 23, 2019 4:44:22 PM null
ALL: ModAbastecimiento.AnulacionDocCompraGasto.grabarPrevioCommit(AnulacionDocCompraGasto.java:442)ok
Jan 23, 2019 4:44:22 PM null
ALL: ModAbastecimiento.AnulacionDocCompraGasto.updateStockArtSum(AnulacionDocCompraGasto.java:383)ok
Jan 23, 2019 4:44:22 PM null
ALL: ModAbastecimiento.AnulacionDocCompraGasto.updateStock(AnulacionDocCompraGasto.java:376)ok
Jan 23, 2019 4:44:22 PM null
ALL: ModAbastecimiento.AnulacionDocCompraGasto.anularDocCompra(AnulacionDocCompraGasto.java:330)ok
Jan 23, 2019 4:44:22 PM null
ALL: ModAbastecimiento.AnulacionDocCompraGasto.jBAnularDocumentoActionPerformed(AnulacionDocCompraGasto.java:1029)ok
Jan 23, 2019 4:44:22 PM null
ALL: ModAbastecimiento.AnulacionDocCompraGasto.access$1500(AnulacionDocCompraGasto.java:29)ok
Jan 23, 2019 4:44:22 PM null
ALL: ModAbastecimiento.AnulacionDocCompraGasto$14.actionPerformed(AnulacionDocCompraGasto.java:729)ok
Jan 23, 2019 4:44:22 PM null
ALL: javax.swing.AbstractButton.fireActionPerformed(AbstractButton.java:2022)ok
Jan 23, 2019 4:44:22 PM null
ALL: javax.swing.AbstractButton$Handler.actionPerformed(AbstractButton.java:2348)ok
Jan 23, 2019 4:44:22 PM null
ALL: javax.swing.DefaultButtonModel.fireActionPerformed(DefaultButtonModel.java:402)ok
Jan 23, 2019 4:44:22 PM null
ALL: javax.swing.DefaultButtonModel.setPressed(DefaultButtonModel.java:259)ok
Jan 23, 2019 4:44:22 PM null
ALL: javax.swing.plaf.basic.BasicButtonListener$Actions.actionPerformed(BasicButtonListener.java:303)ok
Jan 23, 2019 4:44:22 PM null
ALL: javax.swing.SwingUtilities.notifyAction(SwingUtilities.java:1663)ok
Jan 23, 2019 4:44:22 PM null
ALL: javax.swing.JComponent.processKeyBinding(JComponent.java:2882)ok
Jan 23, 2019 4:44:22 PM null
ALL: javax.swing.JComponent.processKeyBindings(JComponent.java:2929)ok
Jan 23, 2019 4:44:22 PM null
ALL: javax.swing.JComponent.processKeyEvent(JComponent.java:2845)ok
Jan 23, 2019 4:44:22 PM null
ALL: java.awt.Component.processEvent(Component.java:6310)ok
Jan 23, 2019 4:44:22 PM null
ALL: java.awt.Container.processEvent(Container.java:2237)ok
Jan 23, 2019 4:44:22 PM null
ALL: java.awt.Component.dispatchEventImpl(Component.java:4889)ok
Jan 23, 2019 4:44:22 PM null
ALL: java.awt.Container.dispatchEventImpl(Container.java:2295)ok
Jan 23, 2019 4:44:22 PM null
ALL: java.awt.Component.dispatchEvent(Component.java:4711)ok
Jan 23, 2019 4:44:22 PM null
ALL: java.awt.KeyboardFocusManager.redispatchEvent(KeyboardFocusManager.java:1954)ok
Jan 23, 2019 4:44:22 PM null
ALL: java.awt.DefaultKeyboardFocusManager.dispatchKeyEvent(DefaultKeyboardFocusManager.java:806)ok
Jan 23, 2019 4:44:22 PM null
ALL: java.awt.DefaultKeyboardFocusManager.preDispatchKeyEvent(DefaultKeyboardFocusManager.java:1074)ok
Jan 23, 2019 4:44:22 PM null
ALL: java.awt.DefaultKeyboardFocusManager.typeAheadAssertions(DefaultKeyboardFocusManager.java:945)ok
Jan 23, 2019 4:44:22 PM null
ALL: java.awt.DefaultKeyboardFocusManager.dispatchEvent(DefaultKeyboardFocusManager.java:771)ok
Jan 23, 2019 4:44:22 PM null
ALL: java.awt.Component.dispatchEventImpl(Component.java:4760)ok
Jan 23, 2019 4:44:22 PM null
ALL: java.awt.Container.dispatchEventImpl(Container.java:2295)ok
Jan 23, 2019 4:44:22 PM null
ALL: java.awt.Window.dispatchEventImpl(Window.java:2746)ok
Jan 23, 2019 4:44:22 PM null
ALL: java.awt.Component.dispatchEvent(Component.java:4711)ok
Jan 23, 2019 4:44:22 PM null
ALL: java.awt.EventQueue.dispatchEventImpl(EventQueue.java:758)ok
Jan 23, 2019 4:44:22 PM null
ALL: java.awt.EventQueue.access$500(EventQueue.java:97)ok
Jan 23, 2019 4:44:22 PM null
ALL: java.awt.EventQueue$3.run(EventQueue.java:709)ok
Jan 23, 2019 4:44:22 PM null
ALL: java.awt.EventQueue$3.run(EventQueue.java:703)ok
Jan 23, 2019 4:44:22 PM null
ALL: java.security.AccessController.doPrivileged(Native Method)ok
Jan 23, 2019 4:44:22 PM null
ALL: java.security.ProtectionDomain$JavaSecurityAccessImpl.doIntersectionPrivilege(ProtectionDomain.java:80)ok
Jan 23, 2019 4:44:22 PM null
ALL: java.security.ProtectionDomain$JavaSecurityAccessImpl.doIntersectionPrivilege(ProtectionDomain.java:90)ok
Jan 23, 2019 4:44:22 PM null
ALL: java.awt.EventQueue$4.run(EventQueue.java:731)ok
Jan 23, 2019 4:44:22 PM null
ALL: java.awt.EventQueue$4.run(EventQueue.java:729)ok
Jan 23, 2019 4:44:22 PM null
ALL: java.security.AccessController.doPrivileged(Native Method)ok
Jan 23, 2019 4:44:22 PM null
ALL: java.security.ProtectionDomain$JavaSecurityAccessImpl.doIntersectionPrivilege(ProtectionDomain.java:80)ok
Jan 23, 2019 4:44:22 PM null
ALL: java.awt.EventQueue.dispatchEvent(EventQueue.java:728)ok
Jan 23, 2019 4:44:22 PM null
ALL: java.awt.EventDispatchThread.pumpOneEventForFilters(EventDispatchThread.java:201)ok
Jan 23, 2019 4:44:22 PM null
ALL: java.awt.EventDispatchThread.pumpEventsForFilter(EventDispatchThread.java:116)ok
Jan 23, 2019 4:44:22 PM null
ALL: java.awt.EventDispatchThread.pumpEventsForFilter(EventDispatchThread.java:109)ok
Jan 23, 2019 4:44:22 PM null
ALL: java.awt.WaitDispatchSupport$2.run(WaitDispatchSupport.java:190)ok
Jan 23, 2019 4:44:22 PM null
ALL: java.awt.WaitDispatchSupport$4.run(WaitDispatchSupport.java:235)ok
Jan 23, 2019 4:44:22 PM null
ALL: java.awt.WaitDispatchSupport$4.run(WaitDispatchSupport.java:233)ok
Jan 23, 2019 4:44:22 PM null
ALL: java.security.AccessController.doPrivileged(Native Method)ok
Jan 23, 2019 4:44:22 PM null
ALL: java.awt.WaitDispatchSupport.enter(WaitDispatchSupport.java:233)ok
Jan 23, 2019 4:44:22 PM null
ALL: java.awt.Dialog.show(Dialog.java:1084)ok
Jan 23, 2019 4:44:22 PM null
ALL: java.awt.Component.show(Component.java:1671)ok
Jan 23, 2019 4:44:22 PM null
ALL: java.awt.Component.setVisible(Component.java:1623)ok
Jan 23, 2019 4:44:22 PM null
ALL: java.awt.Window.setVisible(Window.java:1014)ok
Jan 23, 2019 4:44:22 PM null
ALL: java.awt.Dialog.setVisible(Dialog.java:1005)ok
Jan 23, 2019 4:44:22 PM null
ALL: principal.FormAbastecimiento.jMnuIAnulacionDocCompraActionPerformed(FormAbastecimiento.java:288)ok
Jan 23, 2019 4:44:22 PM null
ALL: principal.FormAbastecimiento.access$300(FormAbastecimiento.java:27)ok
Jan 23, 2019 4:44:22 PM null
ALL: principal.FormAbastecimiento$5.actionPerformed(FormAbastecimiento.java:132)ok
Jan 23, 2019 4:44:22 PM null
ALL: javax.swing.AbstractButton.fireActionPerformed(AbstractButton.java:2022)ok
Jan 23, 2019 4:44:22 PM null
ALL: javax.swing.AbstractButton$Handler.actionPerformed(AbstractButton.java:2348)ok
Jan 23, 2019 4:44:22 PM null
ALL: javax.swing.DefaultButtonModel.fireActionPerformed(DefaultButtonModel.java:402)ok
Jan 23, 2019 4:44:22 PM null
ALL: javax.swing.DefaultButtonModel.setPressed(DefaultButtonModel.java:259)ok
Jan 23, 2019 4:44:22 PM null
ALL: javax.swing.AbstractButton.doClick(AbstractButton.java:376)ok
Jan 23, 2019 4:44:22 PM null
ALL: javax.swing.plaf.basic.BasicMenuItemUI.doClick(BasicMenuItemUI.java:842)ok
Jan 23, 2019 4:44:22 PM null
ALL: javax.swing.plaf.basic.BasicMenuItemUI$Handler.mouseReleased(BasicMenuItemUI.java:886)ok
Jan 23, 2019 4:44:22 PM null
ALL: java.awt.Component.processMouseEvent(Component.java:6533)ok
Jan 23, 2019 4:44:22 PM null
ALL: javax.swing.JComponent.processMouseEvent(JComponent.java:3324)ok
Jan 23, 2019 4:44:22 PM null
ALL: java.awt.Component.processEvent(Component.java:6298)ok
Jan 23, 2019 4:44:22 PM null
ALL: java.awt.Container.processEvent(Container.java:2237)ok
Jan 23, 2019 4:44:22 PM null
ALL: java.awt.Component.dispatchEventImpl(Component.java:4889)ok
Jan 23, 2019 4:44:22 PM null
ALL: java.awt.Container.dispatchEventImpl(Container.java:2295)ok
Jan 23, 2019 4:44:22 PM null
ALL: java.awt.Component.dispatchEvent(Component.java:4711)ok
Jan 23, 2019 4:44:22 PM null
ALL: java.awt.LightweightDispatcher.retargetMouseEvent(Container.java:4889)ok
Jan 23, 2019 4:44:22 PM null
ALL: java.awt.LightweightDispatcher.processMouseEvent(Container.java:4526)ok
Jan 23, 2019 4:44:22 PM null
ALL: java.awt.LightweightDispatcher.dispatchEvent(Container.java:4467)ok
Jan 23, 2019 4:44:22 PM null
ALL: java.awt.Container.dispatchEventImpl(Container.java:2281)ok
Jan 23, 2019 4:44:22 PM null
ALL: java.awt.Window.dispatchEventImpl(Window.java:2746)ok
Jan 23, 2019 4:44:22 PM null
ALL: java.awt.Component.dispatchEvent(Component.java:4711)ok
Jan 23, 2019 4:44:22 PM null
ALL: java.awt.EventQueue.dispatchEventImpl(EventQueue.java:758)ok
Jan 23, 2019 4:44:22 PM null
ALL: java.awt.EventQueue.access$500(EventQueue.java:97)ok
Jan 23, 2019 4:44:22 PM null
ALL: java.awt.EventQueue$3.run(EventQueue.java:709)ok
Jan 23, 2019 4:44:22 PM null
ALL: java.awt.EventQueue$3.run(EventQueue.java:703)ok
Jan 23, 2019 4:44:22 PM null
ALL: java.security.AccessController.doPrivileged(Native Method)ok
Jan 23, 2019 4:44:22 PM null
ALL: java.security.ProtectionDomain$JavaSecurityAccessImpl.doIntersectionPrivilege(ProtectionDomain.java:80)ok
Jan 23, 2019 4:44:22 PM null
ALL: java.security.ProtectionDomain$JavaSecurityAccessImpl.doIntersectionPrivilege(ProtectionDomain.java:90)ok
Jan 23, 2019 4:44:22 PM null
ALL: java.awt.EventQueue$4.run(EventQueue.java:731)ok
Jan 23, 2019 4:44:22 PM null
ALL: java.awt.EventQueue$4.run(EventQueue.java:729)ok
Jan 23, 2019 4:44:22 PM null
ALL: java.security.AccessController.doPrivileged(Native Method)ok
Jan 23, 2019 4:44:22 PM null
ALL: java.security.ProtectionDomain$JavaSecurityAccessImpl.doIntersectionPrivilege(ProtectionDomain.java:80)ok
Jan 23, 2019 4:44:22 PM null
ALL: java.awt.EventQueue.dispatchEvent(EventQueue.java:728)ok
Jan 23, 2019 4:44:22 PM null
ALL: java.awt.EventDispatchThread.pumpOneEventForFilters(EventDispatchThread.java:201)ok
Jan 23, 2019 4:44:22 PM null
ALL: java.awt.EventDispatchThread.pumpEventsForFilter(EventDispatchThread.java:116)ok
Jan 23, 2019 4:44:22 PM null
ALL: java.awt.EventDispatchThread.pumpEventsForHierarchy(EventDispatchThread.java:105)ok
Jan 23, 2019 4:44:22 PM null
ALL: java.awt.EventDispatchThread.pumpEvents(EventDispatchThread.java:101)ok
Jan 23, 2019 4:44:22 PM null
ALL: java.awt.EventDispatchThread.pumpEvents(EventDispatchThread.java:93)ok
Jan 23, 2019 4:44:22 PM null
ALL: java.awt.EventDispatchThread.run(EventDispatchThread.java:82)ok
Jan 23, 2019 4:44:22 PM null
OFF: ERROR: transacción abortada, las órdenes serán ignoradas hasta el fin de bloque de transacción
Jan 23, 2019 4:44:22 PM null
ALL: org.postgresql.core.v3.QueryExecutorImpl.receiveErrorResponse(QueryExecutorImpl.java:2310)ok
Jan 23, 2019 4:44:22 PM null
ALL: org.postgresql.core.v3.QueryExecutorImpl.processResults(QueryExecutorImpl.java:2023)ok
Jan 23, 2019 4:44:22 PM null
ALL: org.postgresql.core.v3.QueryExecutorImpl.execute(QueryExecutorImpl.java:217)ok
Jan 23, 2019 4:44:22 PM null
ALL: org.postgresql.jdbc.PgStatement.execute(PgStatement.java:421)ok
Jan 23, 2019 4:44:22 PM null
ALL: org.postgresql.jdbc.PgStatement.executeWithFlags(PgStatement.java:318)ok
Jan 23, 2019 4:44:22 PM null
ALL: org.postgresql.jdbc.PgStatement.executeUpdate(PgStatement.java:294)ok
Jan 23, 2019 4:44:22 PM null
ALL: utiles.DBManager.ejecutarDML(DBManager.java:373)ok
Jan 23, 2019 4:44:22 PM null
ALL: ModAbastecimiento.AnulacionDocCompraGasto.grabarPrevioCommit(AnulacionDocCompraGasto.java:442)ok
Jan 23, 2019 4:44:22 PM null
ALL: ModAbastecimiento.AnulacionDocCompraGasto.updateStockArtSum(AnulacionDocCompraGasto.java:383)ok
Jan 23, 2019 4:44:22 PM null
ALL: ModAbastecimiento.AnulacionDocCompraGasto.updateStock(AnulacionDocCompraGasto.java:376)ok
Jan 23, 2019 4:44:22 PM null
ALL: ModAbastecimiento.AnulacionDocCompraGasto.anularDocCompra(AnulacionDocCompraGasto.java:330)ok
Jan 23, 2019 4:44:22 PM null
ALL: ModAbastecimiento.AnulacionDocCompraGasto.jBAnularDocumentoActionPerformed(AnulacionDocCompraGasto.java:1029)ok
Jan 23, 2019 4:44:22 PM null
ALL: ModAbastecimiento.AnulacionDocCompraGasto.access$1500(AnulacionDocCompraGasto.java:29)ok
Jan 23, 2019 4:44:22 PM null
ALL: ModAbastecimiento.AnulacionDocCompraGasto$14.actionPerformed(AnulacionDocCompraGasto.java:729)ok
Jan 23, 2019 4:44:22 PM null
ALL: javax.swing.AbstractButton.fireActionPerformed(AbstractButton.java:2022)ok
Jan 23, 2019 4:44:22 PM null
ALL: javax.swing.AbstractButton$Handler.actionPerformed(AbstractButton.java:2348)ok
Jan 23, 2019 4:44:22 PM null
ALL: javax.swing.DefaultButtonModel.fireActionPerformed(DefaultButtonModel.java:402)ok
Jan 23, 2019 4:44:22 PM null
ALL: javax.swing.DefaultButtonModel.setPressed(DefaultButtonModel.java:259)ok
Jan 23, 2019 4:44:22 PM null
ALL: javax.swing.plaf.basic.BasicButtonListener$Actions.actionPerformed(BasicButtonListener.java:303)ok
Jan 23, 2019 4:44:22 PM null
ALL: javax.swing.SwingUtilities.notifyAction(SwingUtilities.java:1663)ok
Jan 23, 2019 4:44:22 PM null
ALL: javax.swing.JComponent.processKeyBinding(JComponent.java:2882)ok
Jan 23, 2019 4:44:22 PM null
ALL: javax.swing.JComponent.processKeyBindings(JComponent.java:2929)ok
Jan 23, 2019 4:44:22 PM null
ALL: javax.swing.JComponent.processKeyEvent(JComponent.java:2845)ok
Jan 23, 2019 4:44:22 PM null
ALL: java.awt.Component.processEvent(Component.java:6310)ok
Jan 23, 2019 4:44:22 PM null
ALL: java.awt.Container.processEvent(Container.java:2237)ok
Jan 23, 2019 4:44:22 PM null
ALL: java.awt.Component.dispatchEventImpl(Component.java:4889)ok
Jan 23, 2019 4:44:22 PM null
ALL: java.awt.Container.dispatchEventImpl(Container.java:2295)ok
Jan 23, 2019 4:44:22 PM null
ALL: java.awt.Component.dispatchEvent(Component.java:4711)ok
Jan 23, 2019 4:44:22 PM null
ALL: java.awt.KeyboardFocusManager.redispatchEvent(KeyboardFocusManager.java:1954)ok
Jan 23, 2019 4:44:22 PM null
ALL: java.awt.DefaultKeyboardFocusManager.dispatchKeyEvent(DefaultKeyboardFocusManager.java:806)ok
Jan 23, 2019 4:44:22 PM null
ALL: java.awt.DefaultKeyboardFocusManager.preDispatchKeyEvent(DefaultKeyboardFocusManager.java:1074)ok
Jan 23, 2019 4:44:22 PM null
ALL: java.awt.DefaultKeyboardFocusManager.typeAheadAssertions(DefaultKeyboardFocusManager.java:945)ok
Jan 23, 2019 4:44:22 PM null
ALL: java.awt.DefaultKeyboardFocusManager.dispatchEvent(DefaultKeyboardFocusManager.java:771)ok
Jan 23, 2019 4:44:22 PM null
ALL: java.awt.Component.dispatchEventImpl(Component.java:4760)ok
Jan 23, 2019 4:44:22 PM null
ALL: java.awt.Container.dispatchEventImpl(Container.java:2295)ok
Jan 23, 2019 4:44:22 PM null
ALL: java.awt.Window.dispatchEventImpl(Window.java:2746)ok
Jan 23, 2019 4:44:22 PM null
ALL: java.awt.Component.dispatchEvent(Component.java:4711)ok
Jan 23, 2019 4:44:22 PM null
ALL: java.awt.EventQueue.dispatchEventImpl(EventQueue.java:758)ok
Jan 23, 2019 4:44:22 PM null
ALL: java.awt.EventQueue.access$500(EventQueue.java:97)ok
Jan 23, 2019 4:44:22 PM null
ALL: java.awt.EventQueue$3.run(EventQueue.java:709)ok
Jan 23, 2019 4:44:22 PM null
ALL: java.awt.EventQueue$3.run(EventQueue.java:703)ok
Jan 23, 2019 4:44:22 PM null
ALL: java.security.AccessController.doPrivileged(Native Method)ok
Jan 23, 2019 4:44:22 PM null
ALL: java.security.ProtectionDomain$JavaSecurityAccessImpl.doIntersectionPrivilege(ProtectionDomain.java:80)ok
Jan 23, 2019 4:44:22 PM null
ALL: java.security.ProtectionDomain$JavaSecurityAccessImpl.doIntersectionPrivilege(ProtectionDomain.java:90)ok
Jan 23, 2019 4:44:22 PM null
ALL: java.awt.EventQueue$4.run(EventQueue.java:731)ok
Jan 23, 2019 4:44:22 PM null
ALL: java.awt.EventQueue$4.run(EventQueue.java:729)ok
Jan 23, 2019 4:44:22 PM null
ALL: java.security.AccessController.doPrivileged(Native Method)ok
Jan 23, 2019 4:44:22 PM null
ALL: java.security.ProtectionDomain$JavaSecurityAccessImpl.doIntersectionPrivilege(ProtectionDomain.java:80)ok
Jan 23, 2019 4:44:22 PM null
ALL: java.awt.EventQueue.dispatchEvent(EventQueue.java:728)ok
Jan 23, 2019 4:44:22 PM null
ALL: java.awt.EventDispatchThread.pumpOneEventForFilters(EventDispatchThread.java:201)ok
Jan 23, 2019 4:44:22 PM null
ALL: java.awt.EventDispatchThread.pumpEventsForFilter(EventDispatchThread.java:116)ok
Jan 23, 2019 4:44:22 PM null
ALL: java.awt.EventDispatchThread.pumpEventsForFilter(EventDispatchThread.java:109)ok
Jan 23, 2019 4:44:22 PM null
ALL: java.awt.WaitDispatchSupport$2.run(WaitDispatchSupport.java:190)ok
Jan 23, 2019 4:44:22 PM null
ALL: java.awt.WaitDispatchSupport$4.run(WaitDispatchSupport.java:235)ok
Jan 23, 2019 4:44:22 PM null
ALL: java.awt.WaitDispatchSupport$4.run(WaitDispatchSupport.java:233)ok
Jan 23, 2019 4:44:22 PM null
ALL: java.security.AccessController.doPrivileged(Native Method)ok
Jan 23, 2019 4:44:22 PM null
ALL: java.awt.WaitDispatchSupport.enter(WaitDispatchSupport.java:233)ok
Jan 23, 2019 4:44:22 PM null
ALL: java.awt.Dialog.show(Dialog.java:1084)ok
Jan 23, 2019 4:44:22 PM null
ALL: java.awt.Component.show(Component.java:1671)ok
Jan 23, 2019 4:44:22 PM null
ALL: java.awt.Component.setVisible(Component.java:1623)ok
Jan 23, 2019 4:44:22 PM null
ALL: java.awt.Window.setVisible(Window.java:1014)ok
Jan 23, 2019 4:44:22 PM null
ALL: java.awt.Dialog.setVisible(Dialog.java:1005)ok
Jan 23, 2019 4:44:22 PM null
ALL: principal.FormAbastecimiento.jMnuIAnulacionDocCompraActionPerformed(FormAbastecimiento.java:288)ok
Jan 23, 2019 4:44:22 PM null
ALL: principal.FormAbastecimiento.access$300(FormAbastecimiento.java:27)ok
Jan 23, 2019 4:44:22 PM null
ALL: principal.FormAbastecimiento$5.actionPerformed(FormAbastecimiento.java:132)ok
Jan 23, 2019 4:44:22 PM null
ALL: javax.swing.AbstractButton.fireActionPerformed(AbstractButton.java:2022)ok
Jan 23, 2019 4:44:22 PM null
ALL: javax.swing.AbstractButton$Handler.actionPerformed(AbstractButton.java:2348)ok
Jan 23, 2019 4:44:22 PM null
ALL: javax.swing.DefaultButtonModel.fireActionPerformed(DefaultButtonModel.java:402)ok
Jan 23, 2019 4:44:22 PM null
ALL: javax.swing.DefaultButtonModel.setPressed(DefaultButtonModel.java:259)ok
Jan 23, 2019 4:44:22 PM null
ALL: javax.swing.AbstractButton.doClick(AbstractButton.java:376)ok
Jan 23, 2019 4:44:22 PM null
ALL: javax.swing.plaf.basic.BasicMenuItemUI.doClick(BasicMenuItemUI.java:842)ok
Jan 23, 2019 4:44:22 PM null
ALL: javax.swing.plaf.basic.BasicMenuItemUI$Handler.mouseReleased(BasicMenuItemUI.java:886)ok
Jan 23, 2019 4:44:22 PM null
ALL: java.awt.Component.processMouseEvent(Component.java:6533)ok
Jan 23, 2019 4:44:22 PM null
ALL: javax.swing.JComponent.processMouseEvent(JComponent.java:3324)ok
Jan 23, 2019 4:44:22 PM null
ALL: java.awt.Component.processEvent(Component.java:6298)ok
Jan 23, 2019 4:44:22 PM null
ALL: java.awt.Container.processEvent(Container.java:2237)ok
Jan 23, 2019 4:44:22 PM null
ALL: java.awt.Component.dispatchEventImpl(Component.java:4889)ok
Jan 23, 2019 4:44:22 PM null
ALL: java.awt.Container.dispatchEventImpl(Container.java:2295)ok
Jan 23, 2019 4:44:22 PM null
ALL: java.awt.Component.dispatchEvent(Component.java:4711)ok
Jan 23, 2019 4:44:22 PM null
ALL: java.awt.LightweightDispatcher.retargetMouseEvent(Container.java:4889)ok
Jan 23, 2019 4:44:22 PM null
ALL: java.awt.LightweightDispatcher.processMouseEvent(Container.java:4526)ok
Jan 23, 2019 4:44:22 PM null
ALL: java.awt.LightweightDispatcher.dispatchEvent(Container.java:4467)ok
Jan 23, 2019 4:44:22 PM null
ALL: java.awt.Container.dispatchEventImpl(Container.java:2281)ok
Jan 23, 2019 4:44:22 PM null
ALL: java.awt.Window.dispatchEventImpl(Window.java:2746)ok
Jan 23, 2019 4:44:22 PM null
ALL: java.awt.Component.dispatchEvent(Component.java:4711)ok
Jan 23, 2019 4:44:22 PM null
ALL: java.awt.EventQueue.dispatchEventImpl(EventQueue.java:758)ok
Jan 23, 2019 4:44:22 PM null
ALL: java.awt.EventQueue.access$500(EventQueue.java:97)ok
Jan 23, 2019 4:44:22 PM null
ALL: java.awt.EventQueue$3.run(EventQueue.java:709)ok
Jan 23, 2019 4:44:22 PM null
ALL: java.awt.EventQueue$3.run(EventQueue.java:703)ok
Jan 23, 2019 4:44:22 PM null
ALL: java.security.AccessController.doPrivileged(Native Method)ok
Jan 23, 2019 4:44:22 PM null
ALL: java.security.ProtectionDomain$JavaSecurityAccessImpl.doIntersectionPrivilege(ProtectionDomain.java:80)ok
Jan 23, 2019 4:44:22 PM null
ALL: java.security.ProtectionDomain$JavaSecurityAccessImpl.doIntersectionPrivilege(ProtectionDomain.java:90)ok
Jan 23, 2019 4:44:22 PM null
ALL: java.awt.EventQueue$4.run(EventQueue.java:731)ok
Jan 23, 2019 4:44:22 PM null
ALL: java.awt.EventQueue$4.run(EventQueue.java:729)ok
Jan 23, 2019 4:44:22 PM null
ALL: java.security.AccessController.doPrivileged(Native Method)ok
Jan 23, 2019 4:44:22 PM null
ALL: java.security.ProtectionDomain$JavaSecurityAccessImpl.doIntersectionPrivilege(ProtectionDomain.java:80)ok
Jan 23, 2019 4:44:22 PM null
ALL: java.awt.EventQueue.dispatchEvent(EventQueue.java:728)ok
Jan 23, 2019 4:44:22 PM null
ALL: java.awt.EventDispatchThread.pumpOneEventForFilters(EventDispatchThread.java:201)ok
Jan 23, 2019 4:44:22 PM null
ALL: java.awt.EventDispatchThread.pumpEventsForFilter(EventDispatchThread.java:116)ok
Jan 23, 2019 4:44:22 PM null
ALL: java.awt.EventDispatchThread.pumpEventsForHierarchy(EventDispatchThread.java:105)ok
Jan 23, 2019 4:44:22 PM null
ALL: java.awt.EventDispatchThread.pumpEvents(EventDispatchThread.java:101)ok
Jan 23, 2019 4:44:22 PM null
ALL: java.awt.EventDispatchThread.pumpEvents(EventDispatchThread.java:93)ok
Jan 23, 2019 4:44:22 PM null
ALL: java.awt.EventDispatchThread.run(EventDispatchThread.java:82)ok
Jan 23, 2019 4:44:22 PM null
OFF: ERROR: transacción abortada, las órdenes serán ignoradas hasta el fin de bloque de transacción
Jan 23, 2019 4:44:22 PM null
ALL: org.postgresql.core.v3.QueryExecutorImpl.receiveErrorResponse(QueryExecutorImpl.java:2310)ok
Jan 23, 2019 4:44:22 PM null
ALL: org.postgresql.core.v3.QueryExecutorImpl.processResults(QueryExecutorImpl.java:2023)ok
Jan 23, 2019 4:44:22 PM null
ALL: org.postgresql.core.v3.QueryExecutorImpl.execute(QueryExecutorImpl.java:217)ok
Jan 23, 2019 4:44:22 PM null
ALL: org.postgresql.jdbc.PgStatement.execute(PgStatement.java:421)ok
Jan 23, 2019 4:44:22 PM null
ALL: org.postgresql.jdbc.PgStatement.executeWithFlags(PgStatement.java:318)ok
Jan 23, 2019 4:44:22 PM null
ALL: org.postgresql.jdbc.PgStatement.executeUpdate(PgStatement.java:294)ok
Jan 23, 2019 4:44:22 PM null
ALL: utiles.DBManager.ejecutarDML(DBManager.java:373)ok
Jan 23, 2019 4:44:22 PM null
ALL: ModAbastecimiento.AnulacionDocCompraGasto.grabarPrevioCommit(AnulacionDocCompraGasto.java:442)ok
Jan 23, 2019 4:44:22 PM null
ALL: ModAbastecimiento.AnulacionDocCompraGasto.updateStockArtSum(AnulacionDocCompraGasto.java:383)ok
Jan 23, 2019 4:44:22 PM null
ALL: ModAbastecimiento.AnulacionDocCompraGasto.updateStock(AnulacionDocCompraGasto.java:376)ok
Jan 23, 2019 4:44:22 PM null
ALL: ModAbastecimiento.AnulacionDocCompraGasto.anularDocCompra(AnulacionDocCompraGasto.java:330)ok
Jan 23, 2019 4:44:22 PM null
ALL: ModAbastecimiento.AnulacionDocCompraGasto.jBAnularDocumentoActionPerformed(AnulacionDocCompraGasto.java:1029)ok
Jan 23, 2019 4:44:22 PM null
ALL: ModAbastecimiento.AnulacionDocCompraGasto.access$1500(AnulacionDocCompraGasto.java:29)ok
Jan 23, 2019 4:44:22 PM null
ALL: ModAbastecimiento.AnulacionDocCompraGasto$14.actionPerformed(AnulacionDocCompraGasto.java:729)ok
Jan 23, 2019 4:44:22 PM null
ALL: javax.swing.AbstractButton.fireActionPerformed(AbstractButton.java:2022)ok
Jan 23, 2019 4:44:22 PM null
ALL: javax.swing.AbstractButton$Handler.actionPerformed(AbstractButton.java:2348)ok
Jan 23, 2019 4:44:22 PM null
ALL: javax.swing.DefaultButtonModel.fireActionPerformed(DefaultButtonModel.java:402)ok
Jan 23, 2019 4:44:22 PM null
ALL: javax.swing.DefaultButtonModel.setPressed(DefaultButtonModel.java:259)ok
Jan 23, 2019 4:44:22 PM null
ALL: javax.swing.plaf.basic.BasicButtonListener$Actions.actionPerformed(BasicButtonListener.java:303)ok
Jan 23, 2019 4:44:22 PM null
ALL: javax.swing.SwingUtilities.notifyAction(SwingUtilities.java:1663)ok
Jan 23, 2019 4:44:22 PM null
ALL: javax.swing.JComponent.processKeyBinding(JComponent.java:2882)ok
Jan 23, 2019 4:44:22 PM null
ALL: javax.swing.JComponent.processKeyBindings(JComponent.java:2929)ok
Jan 23, 2019 4:44:22 PM null
ALL: javax.swing.JComponent.processKeyEvent(JComponent.java:2845)ok
Jan 23, 2019 4:44:22 PM null
ALL: java.awt.Component.processEvent(Component.java:6310)ok
Jan 23, 2019 4:44:22 PM null
ALL: java.awt.Container.processEvent(Container.java:2237)ok
Jan 23, 2019 4:44:22 PM null
ALL: java.awt.Component.dispatchEventImpl(Component.java:4889)ok
Jan 23, 2019 4:44:22 PM null
ALL: java.awt.Container.dispatchEventImpl(Container.java:2295)ok
Jan 23, 2019 4:44:22 PM null
ALL: java.awt.Component.dispatchEvent(Component.java:4711)ok
Jan 23, 2019 4:44:22 PM null
ALL: java.awt.KeyboardFocusManager.redispatchEvent(KeyboardFocusManager.java:1954)ok
Jan 23, 2019 4:44:22 PM null
ALL: java.awt.DefaultKeyboardFocusManager.dispatchKeyEvent(DefaultKeyboardFocusManager.java:806)ok
Jan 23, 2019 4:44:22 PM null
ALL: java.awt.DefaultKeyboardFocusManager.preDispatchKeyEvent(DefaultKeyboardFocusManager.java:1074)ok
Jan 23, 2019 4:44:22 PM null
ALL: java.awt.DefaultKeyboardFocusManager.typeAheadAssertions(DefaultKeyboardFocusManager.java:945)ok
Jan 23, 2019 4:44:22 PM null
ALL: java.awt.DefaultKeyboardFocusManager.dispatchEvent(DefaultKeyboardFocusManager.java:771)ok
Jan 23, 2019 4:44:22 PM null
ALL: java.awt.Component.dispatchEventImpl(Component.java:4760)ok
Jan 23, 2019 4:44:22 PM null
ALL: java.awt.Container.dispatchEventImpl(Container.java:2295)ok
Jan 23, 2019 4:44:22 PM null
ALL: java.awt.Window.dispatchEventImpl(Window.java:2746)ok
Jan 23, 2019 4:44:22 PM null
ALL: java.awt.Component.dispatchEvent(Component.java:4711)ok
Jan 23, 2019 4:44:22 PM null
ALL: java.awt.EventQueue.dispatchEventImpl(EventQueue.java:758)ok
Jan 23, 2019 4:44:22 PM null
ALL: java.awt.EventQueue.access$500(EventQueue.java:97)ok
Jan 23, 2019 4:44:22 PM null
ALL: java.awt.EventQueue$3.run(EventQueue.java:709)ok
Jan 23, 2019 4:44:22 PM null
ALL: java.awt.EventQueue$3.run(EventQueue.java:703)ok
Jan 23, 2019 4:44:22 PM null
ALL: java.security.AccessController.doPrivileged(Native Method)ok
Jan 23, 2019 4:44:22 PM null
ALL: java.security.ProtectionDomain$JavaSecurityAccessImpl.doIntersectionPrivilege(ProtectionDomain.java:80)ok
Jan 23, 2019 4:44:22 PM null
ALL: java.security.ProtectionDomain$JavaSecurityAccessImpl.doIntersectionPrivilege(ProtectionDomain.java:90)ok
Jan 23, 2019 4:44:22 PM null
ALL: java.awt.EventQueue$4.run(EventQueue.java:731)ok
Jan 23, 2019 4:44:22 PM null
ALL: java.awt.EventQueue$4.run(EventQueue.java:729)ok
Jan 23, 2019 4:44:22 PM null
ALL: java.security.AccessController.doPrivileged(Native Method)ok
Jan 23, 2019 4:44:22 PM null
ALL: java.security.ProtectionDomain$JavaSecurityAccessImpl.doIntersectionPrivilege(ProtectionDomain.java:80)ok
Jan 23, 2019 4:44:22 PM null
ALL: java.awt.EventQueue.dispatchEvent(EventQueue.java:728)ok
Jan 23, 2019 4:44:22 PM null
ALL: java.awt.EventDispatchThread.pumpOneEventForFilters(EventDispatchThread.java:201)ok
Jan 23, 2019 4:44:22 PM null
ALL: java.awt.EventDispatchThread.pumpEventsForFilter(EventDispatchThread.java:116)ok
Jan 23, 2019 4:44:22 PM null
ALL: java.awt.EventDispatchThread.pumpEventsForFilter(EventDispatchThread.java:109)ok
Jan 23, 2019 4:44:22 PM null
ALL: java.awt.WaitDispatchSupport$2.run(WaitDispatchSupport.java:190)ok
Jan 23, 2019 4:44:22 PM null
ALL: java.awt.WaitDispatchSupport$4.run(WaitDispatchSupport.java:235)ok
Jan 23, 2019 4:44:22 PM null
ALL: java.awt.WaitDispatchSupport$4.run(WaitDispatchSupport.java:233)ok
Jan 23, 2019 4:44:22 PM null
ALL: java.security.AccessController.doPrivileged(Native Method)ok
Jan 23, 2019 4:44:22 PM null
ALL: java.awt.WaitDispatchSupport.enter(WaitDispatchSupport.java:233)ok
Jan 23, 2019 4:44:22 PM null
ALL: java.awt.Dialog.show(Dialog.java:1084)ok
Jan 23, 2019 4:44:22 PM null
ALL: java.awt.Component.show(Component.java:1671)ok
Jan 23, 2019 4:44:22 PM null
ALL: java.awt.Component.setVisible(Component.java:1623)ok
Jan 23, 2019 4:44:22 PM null
ALL: java.awt.Window.setVisible(Window.java:1014)ok
Jan 23, 2019 4:44:22 PM null
ALL: java.awt.Dialog.setVisible(Dialog.java:1005)ok
Jan 23, 2019 4:44:22 PM null
ALL: principal.FormAbastecimiento.jMnuIAnulacionDocCompraActionPerformed(FormAbastecimiento.java:288)ok
Jan 23, 2019 4:44:22 PM null
ALL: principal.FormAbastecimiento.access$300(FormAbastecimiento.java:27)ok
Jan 23, 2019 4:44:22 PM null
ALL: principal.FormAbastecimiento$5.actionPerformed(FormAbastecimiento.java:132)ok
Jan 23, 2019 4:44:22 PM null
ALL: javax.swing.AbstractButton.fireActionPerformed(AbstractButton.java:2022)ok
Jan 23, 2019 4:44:22 PM null
ALL: javax.swing.AbstractButton$Handler.actionPerformed(AbstractButton.java:2348)ok
Jan 23, 2019 4:44:22 PM null
ALL: javax.swing.DefaultButtonModel.fireActionPerformed(DefaultButtonModel.java:402)ok
Jan 23, 2019 4:44:22 PM null
ALL: javax.swing.DefaultButtonModel.setPressed(DefaultButtonModel.java:259)ok
Jan 23, 2019 4:44:22 PM null
ALL: javax.swing.AbstractButton.doClick(AbstractButton.java:376)ok
Jan 23, 2019 4:44:22 PM null
ALL: javax.swing.plaf.basic.BasicMenuItemUI.doClick(BasicMenuItemUI.java:842)ok
Jan 23, 2019 4:44:22 PM null
ALL: javax.swing.plaf.basic.BasicMenuItemUI$Handler.mouseReleased(BasicMenuItemUI.java:886)ok
Jan 23, 2019 4:44:22 PM null
ALL: java.awt.Component.processMouseEvent(Component.java:6533)ok
Jan 23, 2019 4:44:22 PM null
ALL: javax.swing.JComponent.processMouseEvent(JComponent.java:3324)ok
Jan 23, 2019 4:44:22 PM null
ALL: java.awt.Component.processEvent(Component.java:6298)ok
Jan 23, 2019 4:44:22 PM null
ALL: java.awt.Container.processEvent(Container.java:2237)ok
Jan 23, 2019 4:44:22 PM null
ALL: java.awt.Component.dispatchEventImpl(Component.java:4889)ok
Jan 23, 2019 4:44:22 PM null
ALL: java.awt.Container.dispatchEventImpl(Container.java:2295)ok
Jan 23, 2019 4:44:22 PM null
ALL: java.awt.Component.dispatchEvent(Component.java:4711)ok
Jan 23, 2019 4:44:22 PM null
ALL: java.awt.LightweightDispatcher.retargetMouseEvent(Container.java:4889)ok
Jan 23, 2019 4:44:22 PM null
ALL: java.awt.LightweightDispatcher.processMouseEvent(Container.java:4526)ok
Jan 23, 2019 4:44:22 PM null
ALL: java.awt.LightweightDispatcher.dispatchEvent(Container.java:4467)ok
Jan 23, 2019 4:44:22 PM null
ALL: java.awt.Container.dispatchEventImpl(Container.java:2281)ok
Jan 23, 2019 4:44:22 PM null
ALL: java.awt.Window.dispatchEventImpl(Window.java:2746)ok
Jan 23, 2019 4:44:22 PM null
ALL: java.awt.Component.dispatchEvent(Component.java:4711)ok
Jan 23, 2019 4:44:22 PM null
ALL: java.awt.EventQueue.dispatchEventImpl(EventQueue.java:758)ok
Jan 23, 2019 4:44:22 PM null
ALL: java.awt.EventQueue.access$500(EventQueue.java:97)ok
Jan 23, 2019 4:44:22 PM null
ALL: java.awt.EventQueue$3.run(EventQueue.java:709)ok
Jan 23, 2019 4:44:22 PM null
ALL: java.awt.EventQueue$3.run(EventQueue.java:703)ok
Jan 23, 2019 4:44:22 PM null
ALL: java.security.AccessController.doPrivileged(Native Method)ok
Jan 23, 2019 4:44:22 PM null
ALL: java.security.ProtectionDomain$JavaSecurityAccessImpl.doIntersectionPrivilege(ProtectionDomain.java:80)ok
Jan 23, 2019 4:44:22 PM null
ALL: java.security.ProtectionDomain$JavaSecurityAccessImpl.doIntersectionPrivilege(ProtectionDomain.java:90)ok
Jan 23, 2019 4:44:22 PM null
ALL: java.awt.EventQueue$4.run(EventQueue.java:731)ok
Jan 23, 2019 4:44:22 PM null
ALL: java.awt.EventQueue$4.run(EventQueue.java:729)ok
Jan 23, 2019 4:44:22 PM null
ALL: java.security.AccessController.doPrivileged(Native Method)ok
Jan 23, 2019 4:44:22 PM null
ALL: java.security.ProtectionDomain$JavaSecurityAccessImpl.doIntersectionPrivilege(ProtectionDomain.java:80)ok
Jan 23, 2019 4:44:22 PM null
ALL: java.awt.EventQueue.dispatchEvent(EventQueue.java:728)ok
Jan 23, 2019 4:44:22 PM null
ALL: java.awt.EventDispatchThread.pumpOneEventForFilters(EventDispatchThread.java:201)ok
Jan 23, 2019 4:44:22 PM null
ALL: java.awt.EventDispatchThread.pumpEventsForFilter(EventDispatchThread.java:116)ok
Jan 23, 2019 4:44:22 PM null
ALL: java.awt.EventDispatchThread.pumpEventsForHierarchy(EventDispatchThread.java:105)ok
Jan 23, 2019 4:44:22 PM null
ALL: java.awt.EventDispatchThread.pumpEvents(EventDispatchThread.java:101)ok
Jan 23, 2019 4:44:22 PM null
ALL: java.awt.EventDispatchThread.pumpEvents(EventDispatchThread.java:93)ok
Jan 23, 2019 4:44:22 PM null
ALL: java.awt.EventDispatchThread.run(EventDispatchThread.java:82)ok
