Feb 07, 2019 9:25:35 AM null
OFF: ERROR: no existe la columna m.modulo
  Position: 281
Feb 07, 2019 9:25:35 AM null
ALL: org.postgresql.core.v3.QueryExecutorImpl.receiveErrorResponse(QueryExecutorImpl.java:2310)ok
Feb 07, 2019 9:25:35 AM null
ALL: org.postgresql.core.v3.QueryExecutorImpl.processResults(QueryExecutorImpl.java:2023)ok
Feb 07, 2019 9:25:35 AM null
ALL: org.postgresql.core.v3.QueryExecutorImpl.execute(QueryExecutorImpl.java:217)ok
Feb 07, 2019 9:25:35 AM null
ALL: org.postgresql.jdbc.PgStatement.execute(PgStatement.java:421)ok
Feb 07, 2019 9:25:35 AM null
ALL: org.postgresql.jdbc.PgStatement.executeWithFlags(PgStatement.java:318)ok
Feb 07, 2019 9:25:35 AM null
ALL: org.postgresql.jdbc.PgStatement.executeQuery(PgStatement.java:281)ok
Feb 07, 2019 9:25:35 AM null
ALL: utiles.DBManager.ejecutarDSL(DBManager.java:387)ok
Feb 07, 2019 9:25:35 AM null
ALL: ModRegistros.usuarios.AdminUser.rsDataNode(AdminUser.java:81)ok
Feb 07, 2019 9:25:35 AM null
ALL: ModRegistros.usuarios.AdminUser.<init>(AdminUser.java:46)ok
Feb 07, 2019 9:25:35 AM null
ALL: ModRegistros.Usuarios1.jBPrivilegiosUsuarioActionPerformed(Usuarios1.java:799)ok
Feb 07, 2019 9:25:35 AM null
ALL: ModRegistros.Usuarios1.access$1200(Usuarios1.java:32)ok
Feb 07, 2019 9:25:35 AM null
ALL: ModRegistros.Usuarios1$14.actionPerformed(Usuarios1.java:598)ok
Feb 07, 2019 9:25:35 AM null
ALL: javax.swing.AbstractButton.fireActionPerformed(AbstractButton.java:2022)ok
Feb 07, 2019 9:25:35 AM null
ALL: javax.swing.AbstractButton$Handler.actionPerformed(AbstractButton.java:2348)ok
Feb 07, 2019 9:25:35 AM null
ALL: javax.swing.DefaultButtonModel.fireActionPerformed(DefaultButtonModel.java:402)ok
Feb 07, 2019 9:25:35 AM null
ALL: javax.swing.DefaultButtonModel.setPressed(DefaultButtonModel.java:259)ok
Feb 07, 2019 9:25:35 AM null
ALL: javax.swing.plaf.basic.BasicButtonListener.mouseReleased(BasicButtonListener.java:252)ok
Feb 07, 2019 9:25:35 AM null
ALL: org.jvnet.substance.utils.RolloverButtonListener.mouseReleased(RolloverButtonListener.java:110)ok
Feb 07, 2019 9:25:35 AM null
ALL: java.awt.Component.processMouseEvent(Component.java:6533)ok
Feb 07, 2019 9:25:35 AM null
ALL: javax.swing.JComponent.processMouseEvent(JComponent.java:3324)ok
Feb 07, 2019 9:25:35 AM null
ALL: java.awt.Component.processEvent(Component.java:6298)ok
Feb 07, 2019 9:25:35 AM null
ALL: java.awt.Container.processEvent(Container.java:2237)ok
Feb 07, 2019 9:25:35 AM null
ALL: java.awt.Component.dispatchEventImpl(Component.java:4889)ok
Feb 07, 2019 9:25:35 AM null
ALL: java.awt.Container.dispatchEventImpl(Container.java:2295)ok
Feb 07, 2019 9:25:35 AM null
ALL: java.awt.Component.dispatchEvent(Component.java:4711)ok
Feb 07, 2019 9:25:35 AM null
ALL: java.awt.LightweightDispatcher.retargetMouseEvent(Container.java:4889)ok
Feb 07, 2019 9:25:35 AM null
ALL: java.awt.LightweightDispatcher.processMouseEvent(Container.java:4526)ok
Feb 07, 2019 9:25:35 AM null
ALL: java.awt.LightweightDispatcher.dispatchEvent(Container.java:4467)ok
Feb 07, 2019 9:25:35 AM null
ALL: java.awt.Container.dispatchEventImpl(Container.java:2281)ok
Feb 07, 2019 9:25:35 AM null
ALL: java.awt.Window.dispatchEventImpl(Window.java:2746)ok
Feb 07, 2019 9:25:35 AM null
ALL: java.awt.Component.dispatchEvent(Component.java:4711)ok
Feb 07, 2019 9:25:35 AM null
ALL: java.awt.EventQueue.dispatchEventImpl(EventQueue.java:758)ok
Feb 07, 2019 9:25:35 AM null
ALL: java.awt.EventQueue.access$500(EventQueue.java:97)ok
Feb 07, 2019 9:25:35 AM null
ALL: java.awt.EventQueue$3.run(EventQueue.java:709)ok
Feb 07, 2019 9:25:35 AM null
ALL: java.awt.EventQueue$3.run(EventQueue.java:703)ok
Feb 07, 2019 9:25:35 AM null
ALL: java.security.AccessController.doPrivileged(Native Method)ok
Feb 07, 2019 9:25:35 AM null
ALL: java.security.ProtectionDomain$JavaSecurityAccessImpl.doIntersectionPrivilege(ProtectionDomain.java:80)ok
Feb 07, 2019 9:25:35 AM null
ALL: java.security.ProtectionDomain$JavaSecurityAccessImpl.doIntersectionPrivilege(ProtectionDomain.java:90)ok
Feb 07, 2019 9:25:35 AM null
ALL: java.awt.EventQueue$4.run(EventQueue.java:731)ok
Feb 07, 2019 9:25:35 AM null
ALL: java.awt.EventQueue$4.run(EventQueue.java:729)ok
Feb 07, 2019 9:25:35 AM null
ALL: java.security.AccessController.doPrivileged(Native Method)ok
Feb 07, 2019 9:25:35 AM null
ALL: java.security.ProtectionDomain$JavaSecurityAccessImpl.doIntersectionPrivilege(ProtectionDomain.java:80)ok
Feb 07, 2019 9:25:35 AM null
ALL: java.awt.EventQueue.dispatchEvent(EventQueue.java:728)ok
Feb 07, 2019 9:25:35 AM null
ALL: java.awt.EventDispatchThread.pumpOneEventForFilters(EventDispatchThread.java:201)ok
Feb 07, 2019 9:25:35 AM null
ALL: java.awt.EventDispatchThread.pumpEventsForFilter(EventDispatchThread.java:116)ok
Feb 07, 2019 9:25:35 AM null
ALL: java.awt.EventDispatchThread.pumpEventsForFilter(EventDispatchThread.java:109)ok
Feb 07, 2019 9:25:35 AM null
ALL: java.awt.WaitDispatchSupport$2.run(WaitDispatchSupport.java:190)ok
Feb 07, 2019 9:25:35 AM null
ALL: java.awt.WaitDispatchSupport$4.run(WaitDispatchSupport.java:235)ok
Feb 07, 2019 9:25:35 AM null
ALL: java.awt.WaitDispatchSupport$4.run(WaitDispatchSupport.java:233)ok
Feb 07, 2019 9:25:35 AM null
ALL: java.security.AccessController.doPrivileged(Native Method)ok
Feb 07, 2019 9:25:35 AM null
ALL: java.awt.WaitDispatchSupport.enter(WaitDispatchSupport.java:233)ok
Feb 07, 2019 9:25:35 AM null
ALL: java.awt.Dialog.show(Dialog.java:1084)ok
Feb 07, 2019 9:25:35 AM null
ALL: java.awt.Component.show(Component.java:1671)ok
Feb 07, 2019 9:25:35 AM null
ALL: java.awt.Component.setVisible(Component.java:1623)ok
Feb 07, 2019 9:25:35 AM null
ALL: java.awt.Window.setVisible(Window.java:1014)ok
Feb 07, 2019 9:25:35 AM null
ALL: java.awt.Dialog.setVisible(Dialog.java:1005)ok
Feb 07, 2019 9:25:35 AM null
ALL: principal.FormRegistrosBase.jMnuUsuariosActionPerformed(FormRegistrosBase.java:286)ok
Feb 07, 2019 9:25:35 AM null
ALL: principal.FormRegistrosBase.access$800(FormRegistrosBase.java:28)ok
Feb 07, 2019 9:25:35 AM null
ALL: principal.FormRegistrosBase$10.actionPerformed(FormRegistrosBase.java:190)ok
Feb 07, 2019 9:25:35 AM null
ALL: javax.swing.AbstractButton.fireActionPerformed(AbstractButton.java:2022)ok
Feb 07, 2019 9:25:35 AM null
ALL: javax.swing.AbstractButton$Handler.actionPerformed(AbstractButton.java:2348)ok
Feb 07, 2019 9:25:35 AM null
ALL: javax.swing.DefaultButtonModel.fireActionPerformed(DefaultButtonModel.java:402)ok
Feb 07, 2019 9:25:35 AM null
ALL: javax.swing.DefaultButtonModel.setPressed(DefaultButtonModel.java:259)ok
Feb 07, 2019 9:25:35 AM null
ALL: javax.swing.AbstractButton.doClick(AbstractButton.java:376)ok
Feb 07, 2019 9:25:35 AM null
ALL: javax.swing.plaf.basic.BasicMenuItemUI.doClick(BasicMenuItemUI.java:842)ok
Feb 07, 2019 9:25:35 AM null
ALL: javax.swing.plaf.basic.BasicMenuItemUI$Handler.mouseReleased(BasicMenuItemUI.java:886)ok
Feb 07, 2019 9:25:35 AM null
ALL: java.awt.Component.processMouseEvent(Component.java:6533)ok
Feb 07, 2019 9:25:35 AM null
ALL: javax.swing.JComponent.processMouseEvent(JComponent.java:3324)ok
Feb 07, 2019 9:25:35 AM null
ALL: java.awt.Component.processEvent(Component.java:6298)ok
Feb 07, 2019 9:25:35 AM null
ALL: java.awt.Container.processEvent(Container.java:2237)ok
Feb 07, 2019 9:25:35 AM null
ALL: java.awt.Component.dispatchEventImpl(Component.java:4889)ok
Feb 07, 2019 9:25:35 AM null
ALL: java.awt.Container.dispatchEventImpl(Container.java:2295)ok
Feb 07, 2019 9:25:35 AM null
ALL: java.awt.Component.dispatchEvent(Component.java:4711)ok
Feb 07, 2019 9:25:35 AM null
ALL: java.awt.LightweightDispatcher.retargetMouseEvent(Container.java:4889)ok
Feb 07, 2019 9:25:35 AM null
ALL: java.awt.LightweightDispatcher.processMouseEvent(Container.java:4526)ok
Feb 07, 2019 9:25:35 AM null
ALL: java.awt.LightweightDispatcher.dispatchEvent(Container.java:4467)ok
Feb 07, 2019 9:25:35 AM null
ALL: java.awt.Container.dispatchEventImpl(Container.java:2281)ok
Feb 07, 2019 9:25:35 AM null
ALL: java.awt.Window.dispatchEventImpl(Window.java:2746)ok
Feb 07, 2019 9:25:35 AM null
ALL: java.awt.Component.dispatchEvent(Component.java:4711)ok
Feb 07, 2019 9:25:35 AM null
ALL: java.awt.EventQueue.dispatchEventImpl(EventQueue.java:758)ok
Feb 07, 2019 9:25:35 AM null
ALL: java.awt.EventQueue.access$500(EventQueue.java:97)ok
Feb 07, 2019 9:25:35 AM null
ALL: java.awt.EventQueue$3.run(EventQueue.java:709)ok
Feb 07, 2019 9:25:35 AM null
ALL: java.awt.EventQueue$3.run(EventQueue.java:703)ok
Feb 07, 2019 9:25:35 AM null
ALL: java.security.AccessController.doPrivileged(Native Method)ok
Feb 07, 2019 9:25:35 AM null
ALL: java.security.ProtectionDomain$JavaSecurityAccessImpl.doIntersectionPrivilege(ProtectionDomain.java:80)ok
Feb 07, 2019 9:25:35 AM null
ALL: java.security.ProtectionDomain$JavaSecurityAccessImpl.doIntersectionPrivilege(ProtectionDomain.java:90)ok
Feb 07, 2019 9:25:35 AM null
ALL: java.awt.EventQueue$4.run(EventQueue.java:731)ok
Feb 07, 2019 9:25:35 AM null
ALL: java.awt.EventQueue$4.run(EventQueue.java:729)ok
Feb 07, 2019 9:25:35 AM null
ALL: java.security.AccessController.doPrivileged(Native Method)ok
Feb 07, 2019 9:25:35 AM null
ALL: java.security.ProtectionDomain$JavaSecurityAccessImpl.doIntersectionPrivilege(ProtectionDomain.java:80)ok
Feb 07, 2019 9:25:35 AM null
ALL: java.awt.EventQueue.dispatchEvent(EventQueue.java:728)ok
Feb 07, 2019 9:25:35 AM null
ALL: java.awt.EventDispatchThread.pumpOneEventForFilters(EventDispatchThread.java:201)ok
Feb 07, 2019 9:25:35 AM null
ALL: java.awt.EventDispatchThread.pumpEventsForFilter(EventDispatchThread.java:116)ok
Feb 07, 2019 9:25:35 AM null
ALL: java.awt.EventDispatchThread.pumpEventsForHierarchy(EventDispatchThread.java:105)ok
Feb 07, 2019 9:25:35 AM null
ALL: java.awt.EventDispatchThread.pumpEvents(EventDispatchThread.java:101)ok
Feb 07, 2019 9:25:35 AM null
ALL: java.awt.EventDispatchThread.pumpEvents(EventDispatchThread.java:93)ok
Feb 07, 2019 9:25:35 AM null
ALL: java.awt.EventDispatchThread.run(EventDispatchThread.java:82)ok
Feb 07, 2019 9:25:35 AM null
OFF: ERROR: transacción abortada, las órdenes serán ignoradas hasta el fin de bloque de transacción
Feb 07, 2019 9:25:35 AM null
ALL: org.postgresql.core.v3.QueryExecutorImpl.receiveErrorResponse(QueryExecutorImpl.java:2310)ok
Feb 07, 2019 9:25:35 AM null
ALL: org.postgresql.core.v3.QueryExecutorImpl.processResults(QueryExecutorImpl.java:2023)ok
Feb 07, 2019 9:25:35 AM null
ALL: org.postgresql.core.v3.QueryExecutorImpl.execute(QueryExecutorImpl.java:217)ok
Feb 07, 2019 9:25:35 AM null
ALL: org.postgresql.jdbc.PgStatement.execute(PgStatement.java:421)ok
Feb 07, 2019 9:25:35 AM null
ALL: org.postgresql.jdbc.PgStatement.executeWithFlags(PgStatement.java:318)ok
Feb 07, 2019 9:25:35 AM null
ALL: org.postgresql.jdbc.PgStatement.executeQuery(PgStatement.java:281)ok
Feb 07, 2019 9:25:35 AM null
ALL: utiles.DBManager.ejecutarDSL(DBManager.java:387)ok
Feb 07, 2019 9:25:35 AM null
ALL: ModRegistros.usuarios.AdminUser.rsDataNode(AdminUser.java:81)ok
Feb 07, 2019 9:25:35 AM null
ALL: ModRegistros.usuarios.AdminUser.<init>(AdminUser.java:47)ok
Feb 07, 2019 9:25:35 AM null
ALL: ModRegistros.Usuarios1.jBPrivilegiosUsuarioActionPerformed(Usuarios1.java:799)ok
Feb 07, 2019 9:25:35 AM null
ALL: ModRegistros.Usuarios1.access$1200(Usuarios1.java:32)ok
Feb 07, 2019 9:25:35 AM null
ALL: ModRegistros.Usuarios1$14.actionPerformed(Usuarios1.java:598)ok
Feb 07, 2019 9:25:35 AM null
ALL: javax.swing.AbstractButton.fireActionPerformed(AbstractButton.java:2022)ok
Feb 07, 2019 9:25:35 AM null
ALL: javax.swing.AbstractButton$Handler.actionPerformed(AbstractButton.java:2348)ok
Feb 07, 2019 9:25:35 AM null
ALL: javax.swing.DefaultButtonModel.fireActionPerformed(DefaultButtonModel.java:402)ok
Feb 07, 2019 9:25:35 AM null
ALL: javax.swing.DefaultButtonModel.setPressed(DefaultButtonModel.java:259)ok
Feb 07, 2019 9:25:35 AM null
ALL: javax.swing.plaf.basic.BasicButtonListener.mouseReleased(BasicButtonListener.java:252)ok
Feb 07, 2019 9:25:35 AM null
ALL: org.jvnet.substance.utils.RolloverButtonListener.mouseReleased(RolloverButtonListener.java:110)ok
Feb 07, 2019 9:25:35 AM null
ALL: java.awt.Component.processMouseEvent(Component.java:6533)ok
Feb 07, 2019 9:25:35 AM null
ALL: javax.swing.JComponent.processMouseEvent(JComponent.java:3324)ok
Feb 07, 2019 9:25:35 AM null
ALL: java.awt.Component.processEvent(Component.java:6298)ok
Feb 07, 2019 9:25:35 AM null
ALL: java.awt.Container.processEvent(Container.java:2237)ok
Feb 07, 2019 9:25:35 AM null
ALL: java.awt.Component.dispatchEventImpl(Component.java:4889)ok
Feb 07, 2019 9:25:35 AM null
ALL: java.awt.Container.dispatchEventImpl(Container.java:2295)ok
Feb 07, 2019 9:25:35 AM null
ALL: java.awt.Component.dispatchEvent(Component.java:4711)ok
Feb 07, 2019 9:25:35 AM null
ALL: java.awt.LightweightDispatcher.retargetMouseEvent(Container.java:4889)ok
Feb 07, 2019 9:25:35 AM null
ALL: java.awt.LightweightDispatcher.processMouseEvent(Container.java:4526)ok
Feb 07, 2019 9:25:35 AM null
ALL: java.awt.LightweightDispatcher.dispatchEvent(Container.java:4467)ok
Feb 07, 2019 9:25:35 AM null
ALL: java.awt.Container.dispatchEventImpl(Container.java:2281)ok
Feb 07, 2019 9:25:35 AM null
ALL: java.awt.Window.dispatchEventImpl(Window.java:2746)ok
Feb 07, 2019 9:25:35 AM null
ALL: java.awt.Component.dispatchEvent(Component.java:4711)ok
Feb 07, 2019 9:25:35 AM null
ALL: java.awt.EventQueue.dispatchEventImpl(EventQueue.java:758)ok
Feb 07, 2019 9:25:35 AM null
ALL: java.awt.EventQueue.access$500(EventQueue.java:97)ok
Feb 07, 2019 9:25:35 AM null
ALL: java.awt.EventQueue$3.run(EventQueue.java:709)ok
Feb 07, 2019 9:25:35 AM null
ALL: java.awt.EventQueue$3.run(EventQueue.java:703)ok
Feb 07, 2019 9:25:35 AM null
ALL: java.security.AccessController.doPrivileged(Native Method)ok
Feb 07, 2019 9:25:35 AM null
ALL: java.security.ProtectionDomain$JavaSecurityAccessImpl.doIntersectionPrivilege(ProtectionDomain.java:80)ok
Feb 07, 2019 9:25:35 AM null
ALL: java.security.ProtectionDomain$JavaSecurityAccessImpl.doIntersectionPrivilege(ProtectionDomain.java:90)ok
Feb 07, 2019 9:25:35 AM null
ALL: java.awt.EventQueue$4.run(EventQueue.java:731)ok
Feb 07, 2019 9:25:35 AM null
ALL: java.awt.EventQueue$4.run(EventQueue.java:729)ok
Feb 07, 2019 9:25:35 AM null
ALL: java.security.AccessController.doPrivileged(Native Method)ok
Feb 07, 2019 9:25:35 AM null
ALL: java.security.ProtectionDomain$JavaSecurityAccessImpl.doIntersectionPrivilege(ProtectionDomain.java:80)ok
Feb 07, 2019 9:25:35 AM null
ALL: java.awt.EventQueue.dispatchEvent(EventQueue.java:728)ok
Feb 07, 2019 9:25:35 AM null
ALL: java.awt.EventDispatchThread.pumpOneEventForFilters(EventDispatchThread.java:201)ok
Feb 07, 2019 9:25:35 AM null
ALL: java.awt.EventDispatchThread.pumpEventsForFilter(EventDispatchThread.java:116)ok
Feb 07, 2019 9:25:35 AM null
ALL: java.awt.EventDispatchThread.pumpEventsForFilter(EventDispatchThread.java:109)ok
Feb 07, 2019 9:25:35 AM null
ALL: java.awt.WaitDispatchSupport$2.run(WaitDispatchSupport.java:190)ok
Feb 07, 2019 9:25:35 AM null
ALL: java.awt.WaitDispatchSupport$4.run(WaitDispatchSupport.java:235)ok
Feb 07, 2019 9:25:35 AM null
ALL: java.awt.WaitDispatchSupport$4.run(WaitDispatchSupport.java:233)ok
Feb 07, 2019 9:25:35 AM null
ALL: java.security.AccessController.doPrivileged(Native Method)ok
Feb 07, 2019 9:25:35 AM null
ALL: java.awt.WaitDispatchSupport.enter(WaitDispatchSupport.java:233)ok
Feb 07, 2019 9:25:35 AM null
ALL: java.awt.Dialog.show(Dialog.java:1084)ok
Feb 07, 2019 9:25:35 AM null
ALL: java.awt.Component.show(Component.java:1671)ok
Feb 07, 2019 9:25:35 AM null
ALL: java.awt.Component.setVisible(Component.java:1623)ok
Feb 07, 2019 9:25:35 AM null
ALL: java.awt.Window.setVisible(Window.java:1014)ok
Feb 07, 2019 9:25:35 AM null
ALL: java.awt.Dialog.setVisible(Dialog.java:1005)ok
Feb 07, 2019 9:25:35 AM null
ALL: principal.FormRegistrosBase.jMnuUsuariosActionPerformed(FormRegistrosBase.java:286)ok
Feb 07, 2019 9:25:35 AM null
ALL: principal.FormRegistrosBase.access$800(FormRegistrosBase.java:28)ok
Feb 07, 2019 9:25:35 AM null
ALL: principal.FormRegistrosBase$10.actionPerformed(FormRegistrosBase.java:190)ok
Feb 07, 2019 9:25:35 AM null
ALL: javax.swing.AbstractButton.fireActionPerformed(AbstractButton.java:2022)ok
Feb 07, 2019 9:25:35 AM null
ALL: javax.swing.AbstractButton$Handler.actionPerformed(AbstractButton.java:2348)ok
Feb 07, 2019 9:25:35 AM null
ALL: javax.swing.DefaultButtonModel.fireActionPerformed(DefaultButtonModel.java:402)ok
Feb 07, 2019 9:25:35 AM null
ALL: javax.swing.DefaultButtonModel.setPressed(DefaultButtonModel.java:259)ok
Feb 07, 2019 9:25:35 AM null
ALL: javax.swing.AbstractButton.doClick(AbstractButton.java:376)ok
Feb 07, 2019 9:25:35 AM null
ALL: javax.swing.plaf.basic.BasicMenuItemUI.doClick(BasicMenuItemUI.java:842)ok
Feb 07, 2019 9:25:35 AM null
ALL: javax.swing.plaf.basic.BasicMenuItemUI$Handler.mouseReleased(BasicMenuItemUI.java:886)ok
Feb 07, 2019 9:25:35 AM null
ALL: java.awt.Component.processMouseEvent(Component.java:6533)ok
Feb 07, 2019 9:25:35 AM null
ALL: javax.swing.JComponent.processMouseEvent(JComponent.java:3324)ok
Feb 07, 2019 9:25:35 AM null
ALL: java.awt.Component.processEvent(Component.java:6298)ok
Feb 07, 2019 9:25:35 AM null
ALL: java.awt.Container.processEvent(Container.java:2237)ok
Feb 07, 2019 9:25:35 AM null
ALL: java.awt.Component.dispatchEventImpl(Component.java:4889)ok
Feb 07, 2019 9:25:35 AM null
ALL: java.awt.Container.dispatchEventImpl(Container.java:2295)ok
Feb 07, 2019 9:25:35 AM null
ALL: java.awt.Component.dispatchEvent(Component.java:4711)ok
Feb 07, 2019 9:25:35 AM null
ALL: java.awt.LightweightDispatcher.retargetMouseEvent(Container.java:4889)ok
Feb 07, 2019 9:25:35 AM null
ALL: java.awt.LightweightDispatcher.processMouseEvent(Container.java:4526)ok
Feb 07, 2019 9:25:35 AM null
ALL: java.awt.LightweightDispatcher.dispatchEvent(Container.java:4467)ok
Feb 07, 2019 9:25:35 AM null
ALL: java.awt.Container.dispatchEventImpl(Container.java:2281)ok
Feb 07, 2019 9:25:35 AM null
ALL: java.awt.Window.dispatchEventImpl(Window.java:2746)ok
Feb 07, 2019 9:25:35 AM null
ALL: java.awt.Component.dispatchEvent(Component.java:4711)ok
Feb 07, 2019 9:25:35 AM null
ALL: java.awt.EventQueue.dispatchEventImpl(EventQueue.java:758)ok
Feb 07, 2019 9:25:35 AM null
ALL: java.awt.EventQueue.access$500(EventQueue.java:97)ok
Feb 07, 2019 9:25:35 AM null
ALL: java.awt.EventQueue$3.run(EventQueue.java:709)ok
Feb 07, 2019 9:25:35 AM null
ALL: java.awt.EventQueue$3.run(EventQueue.java:703)ok
Feb 07, 2019 9:25:35 AM null
ALL: java.security.AccessController.doPrivileged(Native Method)ok
Feb 07, 2019 9:25:35 AM null
ALL: java.security.ProtectionDomain$JavaSecurityAccessImpl.doIntersectionPrivilege(ProtectionDomain.java:80)ok
Feb 07, 2019 9:25:35 AM null
ALL: java.security.ProtectionDomain$JavaSecurityAccessImpl.doIntersectionPrivilege(ProtectionDomain.java:90)ok
Feb 07, 2019 9:25:35 AM null
ALL: java.awt.EventQueue$4.run(EventQueue.java:731)ok
Feb 07, 2019 9:25:35 AM null
ALL: java.awt.EventQueue$4.run(EventQueue.java:729)ok
Feb 07, 2019 9:25:35 AM null
ALL: java.security.AccessController.doPrivileged(Native Method)ok
Feb 07, 2019 9:25:35 AM null
ALL: java.security.ProtectionDomain$JavaSecurityAccessImpl.doIntersectionPrivilege(ProtectionDomain.java:80)ok
Feb 07, 2019 9:25:35 AM null
ALL: java.awt.EventQueue.dispatchEvent(EventQueue.java:728)ok
Feb 07, 2019 9:25:35 AM null
ALL: java.awt.EventDispatchThread.pumpOneEventForFilters(EventDispatchThread.java:201)ok
Feb 07, 2019 9:25:35 AM null
ALL: java.awt.EventDispatchThread.pumpEventsForFilter(EventDispatchThread.java:116)ok
Feb 07, 2019 9:25:35 AM null
ALL: java.awt.EventDispatchThread.pumpEventsForHierarchy(EventDispatchThread.java:105)ok
Feb 07, 2019 9:25:35 AM null
ALL: java.awt.EventDispatchThread.pumpEvents(EventDispatchThread.java:101)ok
Feb 07, 2019 9:25:35 AM null
ALL: java.awt.EventDispatchThread.pumpEvents(EventDispatchThread.java:93)ok
Feb 07, 2019 9:25:35 AM null
ALL: java.awt.EventDispatchThread.run(EventDispatchThread.java:82)ok
Feb 07, 2019 9:25:35 AM null
OFF: ERROR: transacción abortada, las órdenes serán ignoradas hasta el fin de bloque de transacción
Feb 07, 2019 9:25:35 AM null
ALL: org.postgresql.core.v3.QueryExecutorImpl.receiveErrorResponse(QueryExecutorImpl.java:2310)ok
Feb 07, 2019 9:25:35 AM null
ALL: org.postgresql.core.v3.QueryExecutorImpl.processResults(QueryExecutorImpl.java:2023)ok
Feb 07, 2019 9:25:35 AM null
ALL: org.postgresql.core.v3.QueryExecutorImpl.execute(QueryExecutorImpl.java:217)ok
Feb 07, 2019 9:25:35 AM null
ALL: org.postgresql.jdbc.PgStatement.execute(PgStatement.java:421)ok
Feb 07, 2019 9:25:35 AM null
ALL: org.postgresql.jdbc.PgStatement.executeWithFlags(PgStatement.java:318)ok
Feb 07, 2019 9:25:35 AM null
ALL: org.postgresql.jdbc.PgStatement.executeQuery(PgStatement.java:281)ok
Feb 07, 2019 9:25:35 AM null
ALL: utiles.DBManager.ejecutarDSL(DBManager.java:387)ok
Feb 07, 2019 9:25:35 AM null
ALL: ModRegistros.usuarios.AdminUser.rsDataNode(AdminUser.java:81)ok
Feb 07, 2019 9:25:35 AM null
ALL: ModRegistros.usuarios.AdminUser.<init>(AdminUser.java:48)ok
Feb 07, 2019 9:25:35 AM null
ALL: ModRegistros.Usuarios1.jBPrivilegiosUsuarioActionPerformed(Usuarios1.java:799)ok
Feb 07, 2019 9:25:35 AM null
ALL: ModRegistros.Usuarios1.access$1200(Usuarios1.java:32)ok
Feb 07, 2019 9:25:35 AM null
ALL: ModRegistros.Usuarios1$14.actionPerformed(Usuarios1.java:598)ok
Feb 07, 2019 9:25:35 AM null
ALL: javax.swing.AbstractButton.fireActionPerformed(AbstractButton.java:2022)ok
Feb 07, 2019 9:25:35 AM null
ALL: javax.swing.AbstractButton$Handler.actionPerformed(AbstractButton.java:2348)ok
Feb 07, 2019 9:25:35 AM null
ALL: javax.swing.DefaultButtonModel.fireActionPerformed(DefaultButtonModel.java:402)ok
Feb 07, 2019 9:25:35 AM null
ALL: javax.swing.DefaultButtonModel.setPressed(DefaultButtonModel.java:259)ok
Feb 07, 2019 9:25:35 AM null
ALL: javax.swing.plaf.basic.BasicButtonListener.mouseReleased(BasicButtonListener.java:252)ok
Feb 07, 2019 9:25:35 AM null
ALL: org.jvnet.substance.utils.RolloverButtonListener.mouseReleased(RolloverButtonListener.java:110)ok
Feb 07, 2019 9:25:35 AM null
ALL: java.awt.Component.processMouseEvent(Component.java:6533)ok
Feb 07, 2019 9:25:35 AM null
ALL: javax.swing.JComponent.processMouseEvent(JComponent.java:3324)ok
Feb 07, 2019 9:25:35 AM null
ALL: java.awt.Component.processEvent(Component.java:6298)ok
Feb 07, 2019 9:25:35 AM null
ALL: java.awt.Container.processEvent(Container.java:2237)ok
Feb 07, 2019 9:25:35 AM null
ALL: java.awt.Component.dispatchEventImpl(Component.java:4889)ok
Feb 07, 2019 9:25:35 AM null
ALL: java.awt.Container.dispatchEventImpl(Container.java:2295)ok
Feb 07, 2019 9:25:35 AM null
ALL: java.awt.Component.dispatchEvent(Component.java:4711)ok
Feb 07, 2019 9:25:35 AM null
ALL: java.awt.LightweightDispatcher.retargetMouseEvent(Container.java:4889)ok
Feb 07, 2019 9:25:35 AM null
ALL: java.awt.LightweightDispatcher.processMouseEvent(Container.java:4526)ok
Feb 07, 2019 9:25:35 AM null
ALL: java.awt.LightweightDispatcher.dispatchEvent(Container.java:4467)ok
Feb 07, 2019 9:25:35 AM null
ALL: java.awt.Container.dispatchEventImpl(Container.java:2281)ok
Feb 07, 2019 9:25:35 AM null
ALL: java.awt.Window.dispatchEventImpl(Window.java:2746)ok
Feb 07, 2019 9:25:35 AM null
ALL: java.awt.Component.dispatchEvent(Component.java:4711)ok
Feb 07, 2019 9:25:35 AM null
ALL: java.awt.EventQueue.dispatchEventImpl(EventQueue.java:758)ok
Feb 07, 2019 9:25:35 AM null
ALL: java.awt.EventQueue.access$500(EventQueue.java:97)ok
Feb 07, 2019 9:25:35 AM null
ALL: java.awt.EventQueue$3.run(EventQueue.java:709)ok
Feb 07, 2019 9:25:35 AM null
ALL: java.awt.EventQueue$3.run(EventQueue.java:703)ok
Feb 07, 2019 9:25:35 AM null
ALL: java.security.AccessController.doPrivileged(Native Method)ok
Feb 07, 2019 9:25:35 AM null
ALL: java.security.ProtectionDomain$JavaSecurityAccessImpl.doIntersectionPrivilege(ProtectionDomain.java:80)ok
Feb 07, 2019 9:25:35 AM null
ALL: java.security.ProtectionDomain$JavaSecurityAccessImpl.doIntersectionPrivilege(ProtectionDomain.java:90)ok
Feb 07, 2019 9:25:35 AM null
ALL: java.awt.EventQueue$4.run(EventQueue.java:731)ok
Feb 07, 2019 9:25:35 AM null
ALL: java.awt.EventQueue$4.run(EventQueue.java:729)ok
Feb 07, 2019 9:25:35 AM null
ALL: java.security.AccessController.doPrivileged(Native Method)ok
Feb 07, 2019 9:25:35 AM null
ALL: java.security.ProtectionDomain$JavaSecurityAccessImpl.doIntersectionPrivilege(ProtectionDomain.java:80)ok
Feb 07, 2019 9:25:35 AM null
ALL: java.awt.EventQueue.dispatchEvent(EventQueue.java:728)ok
Feb 07, 2019 9:25:35 AM null
ALL: java.awt.EventDispatchThread.pumpOneEventForFilters(EventDispatchThread.java:201)ok
Feb 07, 2019 9:25:35 AM null
ALL: java.awt.EventDispatchThread.pumpEventsForFilter(EventDispatchThread.java:116)ok
Feb 07, 2019 9:25:35 AM null
ALL: java.awt.EventDispatchThread.pumpEventsForFilter(EventDispatchThread.java:109)ok
Feb 07, 2019 9:25:35 AM null
ALL: java.awt.WaitDispatchSupport$2.run(WaitDispatchSupport.java:190)ok
Feb 07, 2019 9:25:35 AM null
ALL: java.awt.WaitDispatchSupport$4.run(WaitDispatchSupport.java:235)ok
Feb 07, 2019 9:25:35 AM null
ALL: java.awt.WaitDispatchSupport$4.run(WaitDispatchSupport.java:233)ok
Feb 07, 2019 9:25:35 AM null
ALL: java.security.AccessController.doPrivileged(Native Method)ok
Feb 07, 2019 9:25:35 AM null
ALL: java.awt.WaitDispatchSupport.enter(WaitDispatchSupport.java:233)ok
Feb 07, 2019 9:25:35 AM null
ALL: java.awt.Dialog.show(Dialog.java:1084)ok
Feb 07, 2019 9:25:35 AM null
ALL: java.awt.Component.show(Component.java:1671)ok
Feb 07, 2019 9:25:35 AM null
ALL: java.awt.Component.setVisible(Component.java:1623)ok
Feb 07, 2019 9:25:35 AM null
ALL: java.awt.Window.setVisible(Window.java:1014)ok
Feb 07, 2019 9:25:35 AM null
ALL: java.awt.Dialog.setVisible(Dialog.java:1005)ok
Feb 07, 2019 9:25:35 AM null
ALL: principal.FormRegistrosBase.jMnuUsuariosActionPerformed(FormRegistrosBase.java:286)ok
Feb 07, 2019 9:25:35 AM null
ALL: principal.FormRegistrosBase.access$800(FormRegistrosBase.java:28)ok
Feb 07, 2019 9:25:35 AM null
ALL: principal.FormRegistrosBase$10.actionPerformed(FormRegistrosBase.java:190)ok
Feb 07, 2019 9:25:35 AM null
ALL: javax.swing.AbstractButton.fireActionPerformed(AbstractButton.java:2022)ok
Feb 07, 2019 9:25:35 AM null
ALL: javax.swing.AbstractButton$Handler.actionPerformed(AbstractButton.java:2348)ok
Feb 07, 2019 9:25:35 AM null
ALL: javax.swing.DefaultButtonModel.fireActionPerformed(DefaultButtonModel.java:402)ok
Feb 07, 2019 9:25:35 AM null
ALL: javax.swing.DefaultButtonModel.setPressed(DefaultButtonModel.java:259)ok
Feb 07, 2019 9:25:35 AM null
ALL: javax.swing.AbstractButton.doClick(AbstractButton.java:376)ok
Feb 07, 2019 9:25:35 AM null
ALL: javax.swing.plaf.basic.BasicMenuItemUI.doClick(BasicMenuItemUI.java:842)ok
Feb 07, 2019 9:25:35 AM null
ALL: javax.swing.plaf.basic.BasicMenuItemUI$Handler.mouseReleased(BasicMenuItemUI.java:886)ok
Feb 07, 2019 9:25:35 AM null
ALL: java.awt.Component.processMouseEvent(Component.java:6533)ok
Feb 07, 2019 9:25:35 AM null
ALL: javax.swing.JComponent.processMouseEvent(JComponent.java:3324)ok
Feb 07, 2019 9:25:35 AM null
ALL: java.awt.Component.processEvent(Component.java:6298)ok
Feb 07, 2019 9:25:35 AM null
ALL: java.awt.Container.processEvent(Container.java:2237)ok
Feb 07, 2019 9:25:35 AM null
ALL: java.awt.Component.dispatchEventImpl(Component.java:4889)ok
Feb 07, 2019 9:25:35 AM null
ALL: java.awt.Container.dispatchEventImpl(Container.java:2295)ok
Feb 07, 2019 9:25:35 AM null
ALL: java.awt.Component.dispatchEvent(Component.java:4711)ok
Feb 07, 2019 9:25:35 AM null
ALL: java.awt.LightweightDispatcher.retargetMouseEvent(Container.java:4889)ok
Feb 07, 2019 9:25:35 AM null
ALL: java.awt.LightweightDispatcher.processMouseEvent(Container.java:4526)ok
Feb 07, 2019 9:25:35 AM null
ALL: java.awt.LightweightDispatcher.dispatchEvent(Container.java:4467)ok
Feb 07, 2019 9:25:35 AM null
ALL: java.awt.Container.dispatchEventImpl(Container.java:2281)ok
Feb 07, 2019 9:25:35 AM null
ALL: java.awt.Window.dispatchEventImpl(Window.java:2746)ok
Feb 07, 2019 9:25:35 AM null
ALL: java.awt.Component.dispatchEvent(Component.java:4711)ok
Feb 07, 2019 9:25:35 AM null
ALL: java.awt.EventQueue.dispatchEventImpl(EventQueue.java:758)ok
Feb 07, 2019 9:25:35 AM null
ALL: java.awt.EventQueue.access$500(EventQueue.java:97)ok
Feb 07, 2019 9:25:35 AM null
ALL: java.awt.EventQueue$3.run(EventQueue.java:709)ok
Feb 07, 2019 9:25:35 AM null
ALL: java.awt.EventQueue$3.run(EventQueue.java:703)ok
Feb 07, 2019 9:25:35 AM null
ALL: java.security.AccessController.doPrivileged(Native Method)ok
Feb 07, 2019 9:25:35 AM null
ALL: java.security.ProtectionDomain$JavaSecurityAccessImpl.doIntersectionPrivilege(ProtectionDomain.java:80)ok
Feb 07, 2019 9:25:35 AM null
ALL: java.security.ProtectionDomain$JavaSecurityAccessImpl.doIntersectionPrivilege(ProtectionDomain.java:90)ok
Feb 07, 2019 9:25:35 AM null
ALL: java.awt.EventQueue$4.run(EventQueue.java:731)ok
Feb 07, 2019 9:25:35 AM null
ALL: java.awt.EventQueue$4.run(EventQueue.java:729)ok
Feb 07, 2019 9:25:35 AM null
ALL: java.security.AccessController.doPrivileged(Native Method)ok
Feb 07, 2019 9:25:35 AM null
ALL: java.security.ProtectionDomain$JavaSecurityAccessImpl.doIntersectionPrivilege(ProtectionDomain.java:80)ok
Feb 07, 2019 9:25:35 AM null
ALL: java.awt.EventQueue.dispatchEvent(EventQueue.java:728)ok
Feb 07, 2019 9:25:35 AM null
ALL: java.awt.EventDispatchThread.pumpOneEventForFilters(EventDispatchThread.java:201)ok
Feb 07, 2019 9:25:35 AM null
ALL: java.awt.EventDispatchThread.pumpEventsForFilter(EventDispatchThread.java:116)ok
Feb 07, 2019 9:25:35 AM null
ALL: java.awt.EventDispatchThread.pumpEventsForHierarchy(EventDispatchThread.java:105)ok
Feb 07, 2019 9:25:35 AM null
ALL: java.awt.EventDispatchThread.pumpEvents(EventDispatchThread.java:101)ok
Feb 07, 2019 9:25:35 AM null
ALL: java.awt.EventDispatchThread.pumpEvents(EventDispatchThread.java:93)ok
Feb 07, 2019 9:25:35 AM null
ALL: java.awt.EventDispatchThread.run(EventDispatchThread.java:82)ok
Feb 07, 2019 9:25:35 AM null
OFF: ERROR: transacción abortada, las órdenes serán ignoradas hasta el fin de bloque de transacción
Feb 07, 2019 9:25:35 AM null
ALL: org.postgresql.core.v3.QueryExecutorImpl.receiveErrorResponse(QueryExecutorImpl.java:2310)ok
Feb 07, 2019 9:25:35 AM null
ALL: org.postgresql.core.v3.QueryExecutorImpl.processResults(QueryExecutorImpl.java:2023)ok
Feb 07, 2019 9:25:35 AM null
ALL: org.postgresql.core.v3.QueryExecutorImpl.execute(QueryExecutorImpl.java:217)ok
Feb 07, 2019 9:25:35 AM null
ALL: org.postgresql.jdbc.PgStatement.execute(PgStatement.java:421)ok
Feb 07, 2019 9:25:35 AM null
ALL: org.postgresql.jdbc.PgStatement.executeWithFlags(PgStatement.java:318)ok
Feb 07, 2019 9:25:35 AM null
ALL: org.postgresql.jdbc.PgStatement.executeQuery(PgStatement.java:281)ok
Feb 07, 2019 9:25:35 AM null
ALL: utiles.DBManager.ejecutarDSL(DBManager.java:387)ok
Feb 07, 2019 9:25:35 AM null
ALL: ModRegistros.usuarios.AdminUser.rsDataNode(AdminUser.java:81)ok
Feb 07, 2019 9:25:35 AM null
ALL: ModRegistros.usuarios.AdminUser.<init>(AdminUser.java:49)ok
Feb 07, 2019 9:25:35 AM null
ALL: ModRegistros.Usuarios1.jBPrivilegiosUsuarioActionPerformed(Usuarios1.java:799)ok
Feb 07, 2019 9:25:35 AM null
ALL: ModRegistros.Usuarios1.access$1200(Usuarios1.java:32)ok
Feb 07, 2019 9:25:35 AM null
ALL: ModRegistros.Usuarios1$14.actionPerformed(Usuarios1.java:598)ok
Feb 07, 2019 9:25:35 AM null
ALL: javax.swing.AbstractButton.fireActionPerformed(AbstractButton.java:2022)ok
Feb 07, 2019 9:25:35 AM null
ALL: javax.swing.AbstractButton$Handler.actionPerformed(AbstractButton.java:2348)ok
Feb 07, 2019 9:25:35 AM null
ALL: javax.swing.DefaultButtonModel.fireActionPerformed(DefaultButtonModel.java:402)ok
Feb 07, 2019 9:25:35 AM null
ALL: javax.swing.DefaultButtonModel.setPressed(DefaultButtonModel.java:259)ok
Feb 07, 2019 9:25:35 AM null
ALL: javax.swing.plaf.basic.BasicButtonListener.mouseReleased(BasicButtonListener.java:252)ok
Feb 07, 2019 9:25:35 AM null
ALL: org.jvnet.substance.utils.RolloverButtonListener.mouseReleased(RolloverButtonListener.java:110)ok
Feb 07, 2019 9:25:35 AM null
ALL: java.awt.Component.processMouseEvent(Component.java:6533)ok
Feb 07, 2019 9:25:35 AM null
ALL: javax.swing.JComponent.processMouseEvent(JComponent.java:3324)ok
Feb 07, 2019 9:25:35 AM null
ALL: java.awt.Component.processEvent(Component.java:6298)ok
Feb 07, 2019 9:25:35 AM null
ALL: java.awt.Container.processEvent(Container.java:2237)ok
Feb 07, 2019 9:25:35 AM null
ALL: java.awt.Component.dispatchEventImpl(Component.java:4889)ok
Feb 07, 2019 9:25:35 AM null
ALL: java.awt.Container.dispatchEventImpl(Container.java:2295)ok
Feb 07, 2019 9:25:35 AM null
ALL: java.awt.Component.dispatchEvent(Component.java:4711)ok
Feb 07, 2019 9:25:35 AM null
ALL: java.awt.LightweightDispatcher.retargetMouseEvent(Container.java:4889)ok
Feb 07, 2019 9:25:35 AM null
ALL: java.awt.LightweightDispatcher.processMouseEvent(Container.java:4526)ok
Feb 07, 2019 9:25:35 AM null
ALL: java.awt.LightweightDispatcher.dispatchEvent(Container.java:4467)ok
Feb 07, 2019 9:25:35 AM null
ALL: java.awt.Container.dispatchEventImpl(Container.java:2281)ok
Feb 07, 2019 9:25:35 AM null
ALL: java.awt.Window.dispatchEventImpl(Window.java:2746)ok
Feb 07, 2019 9:25:35 AM null
ALL: java.awt.Component.dispatchEvent(Component.java:4711)ok
Feb 07, 2019 9:25:35 AM null
ALL: java.awt.EventQueue.dispatchEventImpl(EventQueue.java:758)ok
Feb 07, 2019 9:25:35 AM null
ALL: java.awt.EventQueue.access$500(EventQueue.java:97)ok
Feb 07, 2019 9:25:35 AM null
ALL: java.awt.EventQueue$3.run(EventQueue.java:709)ok
Feb 07, 2019 9:25:35 AM null
ALL: java.awt.EventQueue$3.run(EventQueue.java:703)ok
Feb 07, 2019 9:25:35 AM null
ALL: java.security.AccessController.doPrivileged(Native Method)ok
Feb 07, 2019 9:25:35 AM null
ALL: java.security.ProtectionDomain$JavaSecurityAccessImpl.doIntersectionPrivilege(ProtectionDomain.java:80)ok
Feb 07, 2019 9:25:35 AM null
ALL: java.security.ProtectionDomain$JavaSecurityAccessImpl.doIntersectionPrivilege(ProtectionDomain.java:90)ok
Feb 07, 2019 9:25:35 AM null
ALL: java.awt.EventQueue$4.run(EventQueue.java:731)ok
Feb 07, 2019 9:25:35 AM null
ALL: java.awt.EventQueue$4.run(EventQueue.java:729)ok
Feb 07, 2019 9:25:35 AM null
ALL: java.security.AccessController.doPrivileged(Native Method)ok
Feb 07, 2019 9:25:35 AM null
ALL: java.security.ProtectionDomain$JavaSecurityAccessImpl.doIntersectionPrivilege(ProtectionDomain.java:80)ok
Feb 07, 2019 9:25:35 AM null
ALL: java.awt.EventQueue.dispatchEvent(EventQueue.java:728)ok
Feb 07, 2019 9:25:35 AM null
ALL: java.awt.EventDispatchThread.pumpOneEventForFilters(EventDispatchThread.java:201)ok
Feb 07, 2019 9:25:35 AM null
ALL: java.awt.EventDispatchThread.pumpEventsForFilter(EventDispatchThread.java:116)ok
Feb 07, 2019 9:25:35 AM null
ALL: java.awt.EventDispatchThread.pumpEventsForFilter(EventDispatchThread.java:109)ok
Feb 07, 2019 9:25:35 AM null
ALL: java.awt.WaitDispatchSupport$2.run(WaitDispatchSupport.java:190)ok
Feb 07, 2019 9:25:35 AM null
ALL: java.awt.WaitDispatchSupport$4.run(WaitDispatchSupport.java:235)ok
Feb 07, 2019 9:25:35 AM null
ALL: java.awt.WaitDispatchSupport$4.run(WaitDispatchSupport.java:233)ok
Feb 07, 2019 9:25:35 AM null
ALL: java.security.AccessController.doPrivileged(Native Method)ok
Feb 07, 2019 9:25:35 AM null
ALL: java.awt.WaitDispatchSupport.enter(WaitDispatchSupport.java:233)ok
Feb 07, 2019 9:25:35 AM null
ALL: java.awt.Dialog.show(Dialog.java:1084)ok
Feb 07, 2019 9:25:35 AM null
ALL: java.awt.Component.show(Component.java:1671)ok
Feb 07, 2019 9:25:35 AM null
ALL: java.awt.Component.setVisible(Component.java:1623)ok
Feb 07, 2019 9:25:35 AM null
ALL: java.awt.Window.setVisible(Window.java:1014)ok
Feb 07, 2019 9:25:35 AM null
ALL: java.awt.Dialog.setVisible(Dialog.java:1005)ok
Feb 07, 2019 9:25:35 AM null
ALL: principal.FormRegistrosBase.jMnuUsuariosActionPerformed(FormRegistrosBase.java:286)ok
Feb 07, 2019 9:25:35 AM null
ALL: principal.FormRegistrosBase.access$800(FormRegistrosBase.java:28)ok
Feb 07, 2019 9:25:35 AM null
ALL: principal.FormRegistrosBase$10.actionPerformed(FormRegistrosBase.java:190)ok
Feb 07, 2019 9:25:35 AM null
ALL: javax.swing.AbstractButton.fireActionPerformed(AbstractButton.java:2022)ok
Feb 07, 2019 9:25:35 AM null
ALL: javax.swing.AbstractButton$Handler.actionPerformed(AbstractButton.java:2348)ok
Feb 07, 2019 9:25:35 AM null
ALL: javax.swing.DefaultButtonModel.fireActionPerformed(DefaultButtonModel.java:402)ok
Feb 07, 2019 9:25:35 AM null
ALL: javax.swing.DefaultButtonModel.setPressed(DefaultButtonModel.java:259)ok
Feb 07, 2019 9:25:35 AM null
ALL: javax.swing.AbstractButton.doClick(AbstractButton.java:376)ok
Feb 07, 2019 9:25:35 AM null
ALL: javax.swing.plaf.basic.BasicMenuItemUI.doClick(BasicMenuItemUI.java:842)ok
Feb 07, 2019 9:25:35 AM null
ALL: javax.swing.plaf.basic.BasicMenuItemUI$Handler.mouseReleased(BasicMenuItemUI.java:886)ok
Feb 07, 2019 9:25:35 AM null
ALL: java.awt.Component.processMouseEvent(Component.java:6533)ok
Feb 07, 2019 9:25:35 AM null
ALL: javax.swing.JComponent.processMouseEvent(JComponent.java:3324)ok
Feb 07, 2019 9:25:35 AM null
ALL: java.awt.Component.processEvent(Component.java:6298)ok
Feb 07, 2019 9:25:35 AM null
ALL: java.awt.Container.processEvent(Container.java:2237)ok
Feb 07, 2019 9:25:35 AM null
ALL: java.awt.Component.dispatchEventImpl(Component.java:4889)ok
Feb 07, 2019 9:25:35 AM null
ALL: java.awt.Container.dispatchEventImpl(Container.java:2295)ok
Feb 07, 2019 9:25:35 AM null
ALL: java.awt.Component.dispatchEvent(Component.java:4711)ok
Feb 07, 2019 9:25:35 AM null
ALL: java.awt.LightweightDispatcher.retargetMouseEvent(Container.java:4889)ok
Feb 07, 2019 9:25:35 AM null
ALL: java.awt.LightweightDispatcher.processMouseEvent(Container.java:4526)ok
Feb 07, 2019 9:25:35 AM null
ALL: java.awt.LightweightDispatcher.dispatchEvent(Container.java:4467)ok
Feb 07, 2019 9:25:35 AM null
ALL: java.awt.Container.dispatchEventImpl(Container.java:2281)ok
Feb 07, 2019 9:25:35 AM null
ALL: java.awt.Window.dispatchEventImpl(Window.java:2746)ok
Feb 07, 2019 9:25:35 AM null
ALL: java.awt.Component.dispatchEvent(Component.java:4711)ok
Feb 07, 2019 9:25:35 AM null
ALL: java.awt.EventQueue.dispatchEventImpl(EventQueue.java:758)ok
Feb 07, 2019 9:25:35 AM null
ALL: java.awt.EventQueue.access$500(EventQueue.java:97)ok
Feb 07, 2019 9:25:35 AM null
ALL: java.awt.EventQueue$3.run(EventQueue.java:709)ok
Feb 07, 2019 9:25:35 AM null
ALL: java.awt.EventQueue$3.run(EventQueue.java:703)ok
Feb 07, 2019 9:25:35 AM null
ALL: java.security.AccessController.doPrivileged(Native Method)ok
Feb 07, 2019 9:25:35 AM null
ALL: java.security.ProtectionDomain$JavaSecurityAccessImpl.doIntersectionPrivilege(ProtectionDomain.java:80)ok
Feb 07, 2019 9:25:35 AM null
ALL: java.security.ProtectionDomain$JavaSecurityAccessImpl.doIntersectionPrivilege(ProtectionDomain.java:90)ok
Feb 07, 2019 9:25:35 AM null
ALL: java.awt.EventQueue$4.run(EventQueue.java:731)ok
Feb 07, 2019 9:25:35 AM null
ALL: java.awt.EventQueue$4.run(EventQueue.java:729)ok
Feb 07, 2019 9:25:35 AM null
ALL: java.security.AccessController.doPrivileged(Native Method)ok
Feb 07, 2019 9:25:35 AM null
ALL: java.security.ProtectionDomain$JavaSecurityAccessImpl.doIntersectionPrivilege(ProtectionDomain.java:80)ok
Feb 07, 2019 9:25:35 AM null
ALL: java.awt.EventQueue.dispatchEvent(EventQueue.java:728)ok
Feb 07, 2019 9:25:35 AM null
ALL: java.awt.EventDispatchThread.pumpOneEventForFilters(EventDispatchThread.java:201)ok
Feb 07, 2019 9:25:35 AM null
ALL: java.awt.EventDispatchThread.pumpEventsForFilter(EventDispatchThread.java:116)ok
Feb 07, 2019 9:25:35 AM null
ALL: java.awt.EventDispatchThread.pumpEventsForHierarchy(EventDispatchThread.java:105)ok
Feb 07, 2019 9:25:35 AM null
ALL: java.awt.EventDispatchThread.pumpEvents(EventDispatchThread.java:101)ok
Feb 07, 2019 9:25:35 AM null
ALL: java.awt.EventDispatchThread.pumpEvents(EventDispatchThread.java:93)ok
Feb 07, 2019 9:25:35 AM null
ALL: java.awt.EventDispatchThread.run(EventDispatchThread.java:82)ok
