Nov 23, 2018 11:05:12 AM null
OFF: Unknown column name : total_mas_interes
Nov 23, 2018 11:05:12 AM null
ALL: net.sf.jasperreports.engine.JRResultSetDataSource.getColumnIndex(JRResultSetDataSource.java:409)ok
Nov 23, 2018 11:05:12 AM null
ALL: net.sf.jasperreports.engine.JRResultSetDataSource.getFieldValue(JRResultSetDataSource.java:139)ok
Nov 23, 2018 11:05:12 AM null
ALL: net.sf.jasperreports.engine.fill.JRFillDataset.setOldValues(JRFillDataset.java:1358)ok
Nov 23, 2018 11:05:12 AM null
ALL: net.sf.jasperreports.engine.fill.JRFillDataset.next(JRFillDataset.java:1259)ok
Nov 23, 2018 11:05:12 AM null
ALL: net.sf.jasperreports.engine.fill.JRFillDataset.next(JRFillDataset.java:1235)ok
Nov 23, 2018 11:05:12 AM null
ALL: net.sf.jasperreports.engine.fill.JRBaseFiller.next(JRBaseFiller.java:1614)ok
Nov 23, 2018 11:05:12 AM null
ALL: net.sf.jasperreports.engine.fill.JRVerticalFiller.fillReport(JRVerticalFiller.java:150)ok
Nov 23, 2018 11:05:12 AM null
ALL: net.sf.jasperreports.engine.fill.JRBaseFiller.fill(JRBaseFiller.java:963)ok
Nov 23, 2018 11:05:12 AM null
ALL: net.sf.jasperreports.engine.fill.JRBaseFiller.fill(JRBaseFiller.java:892)ok
Nov 23, 2018 11:05:12 AM null
ALL: net.sf.jasperreports.engine.fill.JRFiller.fill(JRFiller.java:114)ok
Nov 23, 2018 11:05:12 AM null
ALL: net.sf.jasperreports.engine.JasperFillManager.fill(JasperFillManager.java:668)ok
Nov 23, 2018 11:05:12 AM null
ALL: net.sf.jasperreports.engine.JasperFillManager.fillReport(JasperFillManager.java:984)ok
Nov 23, 2018 11:05:12 AM null
ALL: utiles.LibReportes$1.run(LibReportes.java:62)ok
Nov 23, 2018 11:05:12 AM null
ALL: java.lang.Thread.run(Thread.java:748)ok
