Feb 07, 2019 9:25:18 AM null
OFF: ERROR: transacci칩n abortada, las 칩rdenes ser치n ignoradas hasta el fin de bloque de transacci칩n
Feb 07, 2019 9:25:18 AM null
ALL: org.postgresql.core.v3.QueryExecutorImpl.receiveErrorResponse(QueryExecutorImpl.java:2310)ok
Feb 07, 2019 9:25:18 AM null
ALL: org.postgresql.core.v3.QueryExecutorImpl.processResults(QueryExecutorImpl.java:2023)ok
Feb 07, 2019 9:25:18 AM null
ALL: org.postgresql.core.v3.QueryExecutorImpl.execute(QueryExecutorImpl.java:217)ok
Feb 07, 2019 9:25:18 AM null
ALL: org.postgresql.jdbc.PgStatement.execute(PgStatement.java:421)ok
Feb 07, 2019 9:25:18 AM null
ALL: org.postgresql.jdbc.PgPreparedStatement.executeWithFlags(PgPreparedStatement.java:166)ok
Feb 07, 2019 9:25:18 AM null
ALL: org.postgresql.jdbc.PgPreparedStatement.executeQuery(PgPreparedStatement.java:118)ok
Feb 07, 2019 9:25:18 AM null
ALL: controls.UsuarioCtrl.buscaMaxCodUsuario(UsuarioCtrl.java:53)ok
Feb 07, 2019 9:25:18 AM null
ALL: ModRegistros.Usuarios1.cargaUsuario(Usuarios1.java:60)ok
Feb 07, 2019 9:25:18 AM null
ALL: ModRegistros.Usuarios1.<init>(Usuarios1.java:46)ok
Feb 07, 2019 9:25:18 AM null
ALL: principal.FormRegistrosBase.jMnuUsuariosActionPerformed(FormRegistrosBase.java:284)ok
Feb 07, 2019 9:25:18 AM null
ALL: principal.FormRegistrosBase.access$800(FormRegistrosBase.java:28)ok
Feb 07, 2019 9:25:18 AM null
ALL: principal.FormRegistrosBase$10.actionPerformed(FormRegistrosBase.java:190)ok
Feb 07, 2019 9:25:18 AM null
ALL: javax.swing.AbstractButton.fireActionPerformed(AbstractButton.java:2022)ok
Feb 07, 2019 9:25:18 AM null
ALL: javax.swing.AbstractButton$Handler.actionPerformed(AbstractButton.java:2348)ok
Feb 07, 2019 9:25:18 AM null
ALL: javax.swing.DefaultButtonModel.fireActionPerformed(DefaultButtonModel.java:402)ok
Feb 07, 2019 9:25:18 AM null
ALL: javax.swing.DefaultButtonModel.setPressed(DefaultButtonModel.java:259)ok
Feb 07, 2019 9:25:18 AM null
ALL: javax.swing.AbstractButton.doClick(AbstractButton.java:376)ok
Feb 07, 2019 9:25:18 AM null
ALL: javax.swing.plaf.basic.BasicMenuItemUI.doClick(BasicMenuItemUI.java:842)ok
Feb 07, 2019 9:25:18 AM null
ALL: javax.swing.plaf.basic.BasicMenuItemUI$Handler.mouseReleased(BasicMenuItemUI.java:886)ok
Feb 07, 2019 9:25:18 AM null
ALL: java.awt.Component.processMouseEvent(Component.java:6533)ok
Feb 07, 2019 9:25:18 AM null
ALL: javax.swing.JComponent.processMouseEvent(JComponent.java:3324)ok
Feb 07, 2019 9:25:18 AM null
ALL: java.awt.Component.processEvent(Component.java:6298)ok
Feb 07, 2019 9:25:18 AM null
ALL: java.awt.Container.processEvent(Container.java:2237)ok
Feb 07, 2019 9:25:18 AM null
ALL: java.awt.Component.dispatchEventImpl(Component.java:4889)ok
Feb 07, 2019 9:25:18 AM null
ALL: java.awt.Container.dispatchEventImpl(Container.java:2295)ok
Feb 07, 2019 9:25:18 AM null
ALL: java.awt.Component.dispatchEvent(Component.java:4711)ok
Feb 07, 2019 9:25:18 AM null
ALL: java.awt.LightweightDispatcher.retargetMouseEvent(Container.java:4889)ok
Feb 07, 2019 9:25:18 AM null
ALL: java.awt.LightweightDispatcher.processMouseEvent(Container.java:4526)ok
Feb 07, 2019 9:25:18 AM null
ALL: java.awt.LightweightDispatcher.dispatchEvent(Container.java:4467)ok
Feb 07, 2019 9:25:18 AM null
ALL: java.awt.Container.dispatchEventImpl(Container.java:2281)ok
Feb 07, 2019 9:25:18 AM null
ALL: java.awt.Window.dispatchEventImpl(Window.java:2746)ok
Feb 07, 2019 9:25:18 AM null
ALL: java.awt.Component.dispatchEvent(Component.java:4711)ok
Feb 07, 2019 9:25:18 AM null
ALL: java.awt.EventQueue.dispatchEventImpl(EventQueue.java:758)ok
Feb 07, 2019 9:25:18 AM null
ALL: java.awt.EventQueue.access$500(EventQueue.java:97)ok
Feb 07, 2019 9:25:18 AM null
ALL: java.awt.EventQueue$3.run(EventQueue.java:709)ok
Feb 07, 2019 9:25:18 AM null
ALL: java.awt.EventQueue$3.run(EventQueue.java:703)ok
Feb 07, 2019 9:25:18 AM null
ALL: java.security.AccessController.doPrivileged(Native Method)ok
Feb 07, 2019 9:25:18 AM null
ALL: java.security.ProtectionDomain$JavaSecurityAccessImpl.doIntersectionPrivilege(ProtectionDomain.java:80)ok
Feb 07, 2019 9:25:18 AM null
ALL: java.security.ProtectionDomain$JavaSecurityAccessImpl.doIntersectionPrivilege(ProtectionDomain.java:90)ok
Feb 07, 2019 9:25:18 AM null
ALL: java.awt.EventQueue$4.run(EventQueue.java:731)ok
Feb 07, 2019 9:25:18 AM null
ALL: java.awt.EventQueue$4.run(EventQueue.java:729)ok
Feb 07, 2019 9:25:18 AM null
ALL: java.security.AccessController.doPrivileged(Native Method)ok
Feb 07, 2019 9:25:18 AM null
ALL: java.security.ProtectionDomain$JavaSecurityAccessImpl.doIntersectionPrivilege(ProtectionDomain.java:80)ok
Feb 07, 2019 9:25:18 AM null
ALL: java.awt.EventQueue.dispatchEvent(EventQueue.java:728)ok
Feb 07, 2019 9:25:18 AM null
ALL: java.awt.EventDispatchThread.pumpOneEventForFilters(EventDispatchThread.java:201)ok
Feb 07, 2019 9:25:18 AM null
ALL: java.awt.EventDispatchThread.pumpEventsForFilter(EventDispatchThread.java:116)ok
Feb 07, 2019 9:25:18 AM null
ALL: java.awt.EventDispatchThread.pumpEventsForHierarchy(EventDispatchThread.java:105)ok
Feb 07, 2019 9:25:18 AM null
ALL: java.awt.EventDispatchThread.pumpEvents(EventDispatchThread.java:101)ok
Feb 07, 2019 9:25:18 AM null
ALL: java.awt.EventDispatchThread.pumpEvents(EventDispatchThread.java:93)ok
Feb 07, 2019 9:25:18 AM null
ALL: java.awt.EventDispatchThread.run(EventDispatchThread.java:82)ok
