Jan 10, 2019 3:03:14 PM null
OFF: ERROR: error de sintaxis en o cerca de «.»
  Position: 214
Jan 10, 2019 3:03:14 PM null
ALL: org.postgresql.core.v3.QueryExecutorImpl.receiveErrorResponse(QueryExecutorImpl.java:2310)ok
Jan 10, 2019 3:03:14 PM null
ALL: org.postgresql.core.v3.QueryExecutorImpl.processResults(QueryExecutorImpl.java:2023)ok
Jan 10, 2019 3:03:14 PM null
ALL: org.postgresql.core.v3.QueryExecutorImpl.execute(QueryExecutorImpl.java:217)ok
Jan 10, 2019 3:03:14 PM null
ALL: org.postgresql.jdbc.PgStatement.execute(PgStatement.java:421)ok
Jan 10, 2019 3:03:14 PM null
ALL: org.postgresql.jdbc.PgStatement.executeWithFlags(PgStatement.java:318)ok
Jan 10, 2019 3:03:14 PM null
ALL: org.postgresql.jdbc.PgStatement.executeQuery(PgStatement.java:281)ok
Jan 10, 2019 3:03:14 PM null
ALL: utiles.DBManager.ejecutarDSL(DBManager.java:387)ok
Jan 10, 2019 3:03:14 PM null
ALL: principal.CajaMain.getDatosUltimoTurno(CajaMain.java:73)ok
Jan 10, 2019 3:03:14 PM null
ALL: principal.CajaMain.<init>(CajaMain.java:59)ok
Jan 10, 2019 3:03:14 PM null
ALL: principal.FormMain.jBVentasActionPerformed(FormMain.java:662)ok
Jan 10, 2019 3:03:14 PM null
ALL: principal.FormMain.access$700(FormMain.java:30)ok
Jan 10, 2019 3:03:14 PM null
ALL: principal.FormMain$9.actionPerformed(FormMain.java:353)ok
Jan 10, 2019 3:03:14 PM null
ALL: javax.swing.AbstractButton.fireActionPerformed(AbstractButton.java:2022)ok
Jan 10, 2019 3:03:14 PM null
ALL: javax.swing.AbstractButton$Handler.actionPerformed(AbstractButton.java:2348)ok
Jan 10, 2019 3:03:14 PM null
ALL: javax.swing.DefaultButtonModel.fireActionPerformed(DefaultButtonModel.java:402)ok
Jan 10, 2019 3:03:14 PM null
ALL: javax.swing.DefaultButtonModel.setPressed(DefaultButtonModel.java:259)ok
Jan 10, 2019 3:03:14 PM null
ALL: javax.swing.plaf.basic.BasicButtonListener.mouseReleased(BasicButtonListener.java:252)ok
Jan 10, 2019 3:03:14 PM null
ALL: org.jvnet.substance.utils.RolloverButtonListener.mouseReleased(RolloverButtonListener.java:110)ok
Jan 10, 2019 3:03:14 PM null
ALL: java.awt.Component.processMouseEvent(Component.java:6533)ok
Jan 10, 2019 3:03:14 PM null
ALL: javax.swing.JComponent.processMouseEvent(JComponent.java:3324)ok
Jan 10, 2019 3:03:14 PM null
ALL: java.awt.Component.processEvent(Component.java:6298)ok
Jan 10, 2019 3:03:14 PM null
ALL: java.awt.Container.processEvent(Container.java:2237)ok
Jan 10, 2019 3:03:14 PM null
ALL: java.awt.Component.dispatchEventImpl(Component.java:4889)ok
Jan 10, 2019 3:03:14 PM null
ALL: java.awt.Container.dispatchEventImpl(Container.java:2295)ok
Jan 10, 2019 3:03:14 PM null
ALL: java.awt.Component.dispatchEvent(Component.java:4711)ok
Jan 10, 2019 3:03:14 PM null
ALL: java.awt.LightweightDispatcher.retargetMouseEvent(Container.java:4889)ok
Jan 10, 2019 3:03:14 PM null
ALL: java.awt.LightweightDispatcher.processMouseEvent(Container.java:4526)ok
Jan 10, 2019 3:03:14 PM null
ALL: java.awt.LightweightDispatcher.dispatchEvent(Container.java:4467)ok
Jan 10, 2019 3:03:14 PM null
ALL: java.awt.Container.dispatchEventImpl(Container.java:2281)ok
Jan 10, 2019 3:03:14 PM null
ALL: java.awt.Window.dispatchEventImpl(Window.java:2746)ok
Jan 10, 2019 3:03:14 PM null
ALL: java.awt.Component.dispatchEvent(Component.java:4711)ok
Jan 10, 2019 3:03:14 PM null
ALL: java.awt.EventQueue.dispatchEventImpl(EventQueue.java:758)ok
Jan 10, 2019 3:03:14 PM null
ALL: java.awt.EventQueue.access$500(EventQueue.java:97)ok
Jan 10, 2019 3:03:14 PM null
ALL: java.awt.EventQueue$3.run(EventQueue.java:709)ok
Jan 10, 2019 3:03:14 PM null
ALL: java.awt.EventQueue$3.run(EventQueue.java:703)ok
Jan 10, 2019 3:03:14 PM null
ALL: java.security.AccessController.doPrivileged(Native Method)ok
Jan 10, 2019 3:03:14 PM null
ALL: java.security.ProtectionDomain$JavaSecurityAccessImpl.doIntersectionPrivilege(ProtectionDomain.java:80)ok
Jan 10, 2019 3:03:14 PM null
ALL: java.security.ProtectionDomain$JavaSecurityAccessImpl.doIntersectionPrivilege(ProtectionDomain.java:90)ok
Jan 10, 2019 3:03:14 PM null
ALL: java.awt.EventQueue$4.run(EventQueue.java:731)ok
Jan 10, 2019 3:03:14 PM null
ALL: java.awt.EventQueue$4.run(EventQueue.java:729)ok
Jan 10, 2019 3:03:14 PM null
ALL: java.security.AccessController.doPrivileged(Native Method)ok
Jan 10, 2019 3:03:14 PM null
ALL: java.security.ProtectionDomain$JavaSecurityAccessImpl.doIntersectionPrivilege(ProtectionDomain.java:80)ok
Jan 10, 2019 3:03:14 PM null
ALL: java.awt.EventQueue.dispatchEvent(EventQueue.java:728)ok
Jan 10, 2019 3:03:14 PM null
ALL: java.awt.EventDispatchThread.pumpOneEventForFilters(EventDispatchThread.java:201)ok
Jan 10, 2019 3:03:14 PM null
ALL: java.awt.EventDispatchThread.pumpEventsForFilter(EventDispatchThread.java:116)ok
Jan 10, 2019 3:03:14 PM null
ALL: java.awt.EventDispatchThread.pumpEventsForHierarchy(EventDispatchThread.java:105)ok
Jan 10, 2019 3:03:14 PM null
ALL: java.awt.EventDispatchThread.pumpEvents(EventDispatchThread.java:101)ok
Jan 10, 2019 3:03:14 PM null
ALL: java.awt.EventDispatchThread.pumpEvents(EventDispatchThread.java:93)ok
Jan 10, 2019 3:03:14 PM null
ALL: java.awt.EventDispatchThread.run(EventDispatchThread.java:82)ok
