Nov 22, 2018 4:50:15 PM null
OFF: ERROR: error de sintaxis en o cerca de «,»
  Position: 36
Nov 22, 2018 4:50:15 PM null
ALL: org.postgresql.core.v3.QueryExecutorImpl.receiveErrorResponse(QueryExecutorImpl.java:2310)ok
Nov 22, 2018 4:50:15 PM null
ALL: org.postgresql.core.v3.QueryExecutorImpl.processResults(QueryExecutorImpl.java:2023)ok
Nov 22, 2018 4:50:15 PM null
ALL: org.postgresql.core.v3.QueryExecutorImpl.execute(QueryExecutorImpl.java:217)ok
Nov 22, 2018 4:50:15 PM null
ALL: org.postgresql.jdbc.PgStatement.execute(PgStatement.java:421)ok
Nov 22, 2018 4:50:15 PM null
ALL: org.postgresql.jdbc.PgStatement.executeWithFlags(PgStatement.java:318)ok
Nov 22, 2018 4:50:15 PM null
ALL: org.postgresql.jdbc.PgStatement.executeUpdate(PgStatement.java:294)ok
Nov 22, 2018 4:50:15 PM null
ALL: utiles.DBManager.ejecutarDML(DBManager.java:373)ok
Nov 22, 2018 4:50:15 PM null
ALL: ModFinanciero.informes.CuentasClientes.deleteTablaInforme(CuentasClientes.java:527)ok
Nov 22, 2018 4:50:15 PM null
ALL: ModFinanciero.informes.CuentasClientes.jBImprimirActionPerformed(CuentasClientes.java:1319)ok
Nov 22, 2018 4:50:15 PM null
ALL: ModFinanciero.informes.CuentasClientes.access$800(CuentasClientes.java:33)ok
Nov 22, 2018 4:50:15 PM null
ALL: ModFinanciero.informes.CuentasClientes$8.actionPerformed(CuentasClientes.java:902)ok
Nov 22, 2018 4:50:15 PM null
ALL: javax.swing.AbstractButton.fireActionPerformed(AbstractButton.java:2022)ok
Nov 22, 2018 4:50:15 PM null
ALL: javax.swing.AbstractButton$Handler.actionPerformed(AbstractButton.java:2348)ok
Nov 22, 2018 4:50:15 PM null
ALL: javax.swing.DefaultButtonModel.fireActionPerformed(DefaultButtonModel.java:402)ok
Nov 22, 2018 4:50:15 PM null
ALL: javax.swing.DefaultButtonModel.setPressed(DefaultButtonModel.java:259)ok
Nov 22, 2018 4:50:15 PM null
ALL: javax.swing.plaf.basic.BasicButtonListener.mouseReleased(BasicButtonListener.java:252)ok
Nov 22, 2018 4:50:15 PM null
ALL: org.jvnet.substance.utils.RolloverButtonListener.mouseReleased(RolloverButtonListener.java:110)ok
Nov 22, 2018 4:50:15 PM null
ALL: java.awt.Component.processMouseEvent(Component.java:6533)ok
Nov 22, 2018 4:50:15 PM null
ALL: javax.swing.JComponent.processMouseEvent(JComponent.java:3324)ok
Nov 22, 2018 4:50:15 PM null
ALL: java.awt.Component.processEvent(Component.java:6298)ok
Nov 22, 2018 4:50:15 PM null
ALL: java.awt.Container.processEvent(Container.java:2237)ok
Nov 22, 2018 4:50:15 PM null
ALL: java.awt.Component.dispatchEventImpl(Component.java:4889)ok
Nov 22, 2018 4:50:15 PM null
ALL: java.awt.Container.dispatchEventImpl(Container.java:2295)ok
Nov 22, 2018 4:50:15 PM null
ALL: java.awt.Component.dispatchEvent(Component.java:4711)ok
Nov 22, 2018 4:50:15 PM null
ALL: java.awt.LightweightDispatcher.retargetMouseEvent(Container.java:4889)ok
Nov 22, 2018 4:50:15 PM null
ALL: java.awt.LightweightDispatcher.processMouseEvent(Container.java:4526)ok
Nov 22, 2018 4:50:15 PM null
ALL: java.awt.LightweightDispatcher.dispatchEvent(Container.java:4467)ok
Nov 22, 2018 4:50:15 PM null
ALL: java.awt.Container.dispatchEventImpl(Container.java:2281)ok
Nov 22, 2018 4:50:15 PM null
ALL: java.awt.Window.dispatchEventImpl(Window.java:2746)ok
Nov 22, 2018 4:50:15 PM null
ALL: java.awt.Component.dispatchEvent(Component.java:4711)ok
Nov 22, 2018 4:50:15 PM null
ALL: java.awt.EventQueue.dispatchEventImpl(EventQueue.java:758)ok
Nov 22, 2018 4:50:15 PM null
ALL: java.awt.EventQueue.access$500(EventQueue.java:97)ok
Nov 22, 2018 4:50:15 PM null
ALL: java.awt.EventQueue$3.run(EventQueue.java:709)ok
Nov 22, 2018 4:50:15 PM null
ALL: java.awt.EventQueue$3.run(EventQueue.java:703)ok
Nov 22, 2018 4:50:15 PM null
ALL: java.security.AccessController.doPrivileged(Native Method)ok
Nov 22, 2018 4:50:15 PM null
ALL: java.security.ProtectionDomain$JavaSecurityAccessImpl.doIntersectionPrivilege(ProtectionDomain.java:80)ok
Nov 22, 2018 4:50:15 PM null
ALL: java.security.ProtectionDomain$JavaSecurityAccessImpl.doIntersectionPrivilege(ProtectionDomain.java:90)ok
Nov 22, 2018 4:50:15 PM null
ALL: java.awt.EventQueue$4.run(EventQueue.java:731)ok
Nov 22, 2018 4:50:15 PM null
ALL: java.awt.EventQueue$4.run(EventQueue.java:729)ok
Nov 22, 2018 4:50:15 PM null
ALL: java.security.AccessController.doPrivileged(Native Method)ok
Nov 22, 2018 4:50:15 PM null
ALL: java.security.ProtectionDomain$JavaSecurityAccessImpl.doIntersectionPrivilege(ProtectionDomain.java:80)ok
Nov 22, 2018 4:50:15 PM null
ALL: java.awt.EventQueue.dispatchEvent(EventQueue.java:728)ok
Nov 22, 2018 4:50:15 PM null
ALL: java.awt.EventDispatchThread.pumpOneEventForFilters(EventDispatchThread.java:201)ok
Nov 22, 2018 4:50:15 PM null
ALL: java.awt.EventDispatchThread.pumpEventsForFilter(EventDispatchThread.java:116)ok
Nov 22, 2018 4:50:15 PM null
ALL: java.awt.EventDispatchThread.pumpEventsForFilter(EventDispatchThread.java:109)ok
Nov 22, 2018 4:50:15 PM null
ALL: java.awt.WaitDispatchSupport$2.run(WaitDispatchSupport.java:190)ok
Nov 22, 2018 4:50:15 PM null
ALL: java.awt.WaitDispatchSupport$4.run(WaitDispatchSupport.java:235)ok
Nov 22, 2018 4:50:15 PM null
ALL: java.awt.WaitDispatchSupport$4.run(WaitDispatchSupport.java:233)ok
Nov 22, 2018 4:50:15 PM null
ALL: java.security.AccessController.doPrivileged(Native Method)ok
Nov 22, 2018 4:50:15 PM null
ALL: java.awt.WaitDispatchSupport.enter(WaitDispatchSupport.java:233)ok
Nov 22, 2018 4:50:15 PM null
ALL: java.awt.Dialog.show(Dialog.java:1084)ok
Nov 22, 2018 4:50:15 PM null
ALL: java.awt.Component.show(Component.java:1671)ok
Nov 22, 2018 4:50:15 PM null
ALL: java.awt.Component.setVisible(Component.java:1623)ok
Nov 22, 2018 4:50:15 PM null
ALL: java.awt.Window.setVisible(Window.java:1014)ok
Nov 22, 2018 4:50:15 PM null
ALL: java.awt.Dialog.setVisible(Dialog.java:1005)ok
Nov 22, 2018 4:50:15 PM null
ALL: principal.FormFinanciero.jMnuICuentasClientesActionPerformed(FormFinanciero.java:172)ok
Nov 22, 2018 4:50:15 PM null
ALL: principal.FormFinanciero.access$300(FormFinanciero.java:21)ok
Nov 22, 2018 4:50:15 PM null
ALL: principal.FormFinanciero$5.actionPerformed(FormFinanciero.java:127)ok
Nov 22, 2018 4:50:15 PM null
ALL: javax.swing.AbstractButton.fireActionPerformed(AbstractButton.java:2022)ok
Nov 22, 2018 4:50:15 PM null
ALL: javax.swing.AbstractButton$Handler.actionPerformed(AbstractButton.java:2348)ok
Nov 22, 2018 4:50:15 PM null
ALL: javax.swing.DefaultButtonModel.fireActionPerformed(DefaultButtonModel.java:402)ok
Nov 22, 2018 4:50:15 PM null
ALL: javax.swing.DefaultButtonModel.setPressed(DefaultButtonModel.java:259)ok
Nov 22, 2018 4:50:15 PM null
ALL: javax.swing.AbstractButton.doClick(AbstractButton.java:376)ok
Nov 22, 2018 4:50:15 PM null
ALL: javax.swing.plaf.basic.BasicMenuItemUI.doClick(BasicMenuItemUI.java:842)ok
Nov 22, 2018 4:50:15 PM null
ALL: javax.swing.plaf.basic.BasicMenuItemUI$Handler.mouseReleased(BasicMenuItemUI.java:886)ok
Nov 22, 2018 4:50:15 PM null
ALL: java.awt.Component.processMouseEvent(Component.java:6533)ok
Nov 22, 2018 4:50:15 PM null
ALL: javax.swing.JComponent.processMouseEvent(JComponent.java:3324)ok
Nov 22, 2018 4:50:15 PM null
ALL: java.awt.Component.processEvent(Component.java:6298)ok
Nov 22, 2018 4:50:15 PM null
ALL: java.awt.Container.processEvent(Container.java:2237)ok
Nov 22, 2018 4:50:15 PM null
ALL: java.awt.Component.dispatchEventImpl(Component.java:4889)ok
Nov 22, 2018 4:50:15 PM null
ALL: java.awt.Container.dispatchEventImpl(Container.java:2295)ok
Nov 22, 2018 4:50:15 PM null
ALL: java.awt.Component.dispatchEvent(Component.java:4711)ok
Nov 22, 2018 4:50:15 PM null
ALL: java.awt.LightweightDispatcher.retargetMouseEvent(Container.java:4889)ok
Nov 22, 2018 4:50:15 PM null
ALL: java.awt.LightweightDispatcher.processMouseEvent(Container.java:4526)ok
Nov 22, 2018 4:50:15 PM null
ALL: java.awt.LightweightDispatcher.dispatchEvent(Container.java:4467)ok
Nov 22, 2018 4:50:15 PM null
ALL: java.awt.Container.dispatchEventImpl(Container.java:2281)ok
Nov 22, 2018 4:50:15 PM null
ALL: java.awt.Window.dispatchEventImpl(Window.java:2746)ok
Nov 22, 2018 4:50:15 PM null
ALL: java.awt.Component.dispatchEvent(Component.java:4711)ok
Nov 22, 2018 4:50:15 PM null
ALL: java.awt.EventQueue.dispatchEventImpl(EventQueue.java:758)ok
Nov 22, 2018 4:50:15 PM null
ALL: java.awt.EventQueue.access$500(EventQueue.java:97)ok
Nov 22, 2018 4:50:15 PM null
ALL: java.awt.EventQueue$3.run(EventQueue.java:709)ok
Nov 22, 2018 4:50:15 PM null
ALL: java.awt.EventQueue$3.run(EventQueue.java:703)ok
Nov 22, 2018 4:50:15 PM null
ALL: java.security.AccessController.doPrivileged(Native Method)ok
Nov 22, 2018 4:50:15 PM null
ALL: java.security.ProtectionDomain$JavaSecurityAccessImpl.doIntersectionPrivilege(ProtectionDomain.java:80)ok
Nov 22, 2018 4:50:15 PM null
ALL: java.security.ProtectionDomain$JavaSecurityAccessImpl.doIntersectionPrivilege(ProtectionDomain.java:90)ok
Nov 22, 2018 4:50:15 PM null
ALL: java.awt.EventQueue$4.run(EventQueue.java:731)ok
Nov 22, 2018 4:50:15 PM null
ALL: java.awt.EventQueue$4.run(EventQueue.java:729)ok
Nov 22, 2018 4:50:15 PM null
ALL: java.security.AccessController.doPrivileged(Native Method)ok
Nov 22, 2018 4:50:15 PM null
ALL: java.security.ProtectionDomain$JavaSecurityAccessImpl.doIntersectionPrivilege(ProtectionDomain.java:80)ok
Nov 22, 2018 4:50:15 PM null
ALL: java.awt.EventQueue.dispatchEvent(EventQueue.java:728)ok
Nov 22, 2018 4:50:15 PM null
ALL: java.awt.EventDispatchThread.pumpOneEventForFilters(EventDispatchThread.java:201)ok
Nov 22, 2018 4:50:15 PM null
ALL: java.awt.EventDispatchThread.pumpEventsForFilter(EventDispatchThread.java:116)ok
Nov 22, 2018 4:50:15 PM null
ALL: java.awt.EventDispatchThread.pumpEventsForHierarchy(EventDispatchThread.java:105)ok
Nov 22, 2018 4:50:15 PM null
ALL: java.awt.EventDispatchThread.pumpEvents(EventDispatchThread.java:101)ok
Nov 22, 2018 4:50:15 PM null
ALL: java.awt.EventDispatchThread.pumpEvents(EventDispatchThread.java:93)ok
Nov 22, 2018 4:50:15 PM null
ALL: java.awt.EventDispatchThread.run(EventDispatchThread.java:82)ok
