Jan 10, 2019 3:03:16 PM null
OFF: ERROR: error de sintaxis en o cerca de «AND»
  Position: 166
Jan 10, 2019 3:03:16 PM null
ALL: org.postgresql.core.v3.QueryExecutorImpl.receiveErrorResponse(QueryExecutorImpl.java:2310)ok
Jan 10, 2019 3:03:16 PM null
ALL: org.postgresql.core.v3.QueryExecutorImpl.processResults(QueryExecutorImpl.java:2023)ok
Jan 10, 2019 3:03:16 PM null
ALL: org.postgresql.core.v3.QueryExecutorImpl.execute(QueryExecutorImpl.java:217)ok
Jan 10, 2019 3:03:16 PM null
ALL: org.postgresql.jdbc.PgStatement.execute(PgStatement.java:421)ok
Jan 10, 2019 3:03:16 PM null
ALL: org.postgresql.jdbc.PgStatement.executeWithFlags(PgStatement.java:318)ok
Jan 10, 2019 3:03:16 PM null
ALL: org.postgresql.jdbc.PgStatement.executeQuery(PgStatement.java:281)ok
Jan 10, 2019 3:03:16 PM null
ALL: utiles.DBManager.ejecutarDSL(DBManager.java:387)ok
Jan 10, 2019 3:03:16 PM null
ALL: principal.CajaMain.getTotalVentaCredito(CajaMain.java:101)ok
Jan 10, 2019 3:03:16 PM null
ALL: principal.CajaMain.resumenUltimoTurno(CajaMain.java:168)ok
Jan 10, 2019 3:03:16 PM null
ALL: principal.CajaMain.jMnuIUltimoTurnoActionPerformed(CajaMain.java:554)ok
Jan 10, 2019 3:03:16 PM null
ALL: principal.CajaMain.access$1000(CajaMain.java:32)ok
Jan 10, 2019 3:03:16 PM null
ALL: principal.CajaMain$8.actionPerformed(CajaMain.java:475)ok
Jan 10, 2019 3:03:16 PM null
ALL: javax.swing.AbstractButton.fireActionPerformed(AbstractButton.java:2022)ok
Jan 10, 2019 3:03:16 PM null
ALL: javax.swing.AbstractButton$Handler.actionPerformed(AbstractButton.java:2348)ok
Jan 10, 2019 3:03:16 PM null
ALL: javax.swing.DefaultButtonModel.fireActionPerformed(DefaultButtonModel.java:402)ok
Jan 10, 2019 3:03:16 PM null
ALL: javax.swing.DefaultButtonModel.setPressed(DefaultButtonModel.java:259)ok
Jan 10, 2019 3:03:16 PM null
ALL: javax.swing.AbstractButton.doClick(AbstractButton.java:376)ok
Jan 10, 2019 3:03:16 PM null
ALL: javax.swing.plaf.basic.BasicMenuItemUI.doClick(BasicMenuItemUI.java:842)ok
Jan 10, 2019 3:03:16 PM null
ALL: javax.swing.plaf.basic.BasicMenuItemUI$Handler.mouseReleased(BasicMenuItemUI.java:886)ok
Jan 10, 2019 3:03:16 PM null
ALL: java.awt.Component.processMouseEvent(Component.java:6533)ok
Jan 10, 2019 3:03:16 PM null
ALL: javax.swing.JComponent.processMouseEvent(JComponent.java:3324)ok
Jan 10, 2019 3:03:16 PM null
ALL: java.awt.Component.processEvent(Component.java:6298)ok
Jan 10, 2019 3:03:16 PM null
ALL: java.awt.Container.processEvent(Container.java:2237)ok
Jan 10, 2019 3:03:16 PM null
ALL: java.awt.Component.dispatchEventImpl(Component.java:4889)ok
Jan 10, 2019 3:03:16 PM null
ALL: java.awt.Container.dispatchEventImpl(Container.java:2295)ok
Jan 10, 2019 3:03:16 PM null
ALL: java.awt.Component.dispatchEvent(Component.java:4711)ok
Jan 10, 2019 3:03:16 PM null
ALL: java.awt.LightweightDispatcher.retargetMouseEvent(Container.java:4889)ok
Jan 10, 2019 3:03:16 PM null
ALL: java.awt.LightweightDispatcher.processMouseEvent(Container.java:4526)ok
Jan 10, 2019 3:03:16 PM null
ALL: java.awt.LightweightDispatcher.dispatchEvent(Container.java:4467)ok
Jan 10, 2019 3:03:16 PM null
ALL: java.awt.Container.dispatchEventImpl(Container.java:2281)ok
Jan 10, 2019 3:03:16 PM null
ALL: java.awt.Window.dispatchEventImpl(Window.java:2746)ok
Jan 10, 2019 3:03:16 PM null
ALL: java.awt.Component.dispatchEvent(Component.java:4711)ok
Jan 10, 2019 3:03:16 PM null
ALL: java.awt.EventQueue.dispatchEventImpl(EventQueue.java:758)ok
Jan 10, 2019 3:03:16 PM null
ALL: java.awt.EventQueue.access$500(EventQueue.java:97)ok
Jan 10, 2019 3:03:16 PM null
ALL: java.awt.EventQueue$3.run(EventQueue.java:709)ok
Jan 10, 2019 3:03:16 PM null
ALL: java.awt.EventQueue$3.run(EventQueue.java:703)ok
Jan 10, 2019 3:03:16 PM null
ALL: java.security.AccessController.doPrivileged(Native Method)ok
Jan 10, 2019 3:03:16 PM null
ALL: java.security.ProtectionDomain$JavaSecurityAccessImpl.doIntersectionPrivilege(ProtectionDomain.java:80)ok
Jan 10, 2019 3:03:16 PM null
ALL: java.security.ProtectionDomain$JavaSecurityAccessImpl.doIntersectionPrivilege(ProtectionDomain.java:90)ok
Jan 10, 2019 3:03:16 PM null
ALL: java.awt.EventQueue$4.run(EventQueue.java:731)ok
Jan 10, 2019 3:03:16 PM null
ALL: java.awt.EventQueue$4.run(EventQueue.java:729)ok
Jan 10, 2019 3:03:16 PM null
ALL: java.security.AccessController.doPrivileged(Native Method)ok
Jan 10, 2019 3:03:16 PM null
ALL: java.security.ProtectionDomain$JavaSecurityAccessImpl.doIntersectionPrivilege(ProtectionDomain.java:80)ok
Jan 10, 2019 3:03:16 PM null
ALL: java.awt.EventQueue.dispatchEvent(EventQueue.java:728)ok
Jan 10, 2019 3:03:16 PM null
ALL: java.awt.EventDispatchThread.pumpOneEventForFilters(EventDispatchThread.java:201)ok
Jan 10, 2019 3:03:16 PM null
ALL: java.awt.EventDispatchThread.pumpEventsForFilter(EventDispatchThread.java:116)ok
Jan 10, 2019 3:03:16 PM null
ALL: java.awt.EventDispatchThread.pumpEventsForHierarchy(EventDispatchThread.java:105)ok
Jan 10, 2019 3:03:16 PM null
ALL: java.awt.EventDispatchThread.pumpEvents(EventDispatchThread.java:101)ok
Jan 10, 2019 3:03:16 PM null
ALL: java.awt.EventDispatchThread.pumpEvents(EventDispatchThread.java:93)ok
Jan 10, 2019 3:03:16 PM null
ALL: java.awt.EventDispatchThread.run(EventDispatchThread.java:82)ok
Jan 10, 2019 3:03:16 PM null
OFF: ERROR: error de sintaxis en o cerca de «AND»
  Position: 66
Jan 10, 2019 3:03:16 PM null
ALL: org.postgresql.core.v3.QueryExecutorImpl.receiveErrorResponse(QueryExecutorImpl.java:2310)ok
Jan 10, 2019 3:03:16 PM null
ALL: org.postgresql.core.v3.QueryExecutorImpl.processResults(QueryExecutorImpl.java:2023)ok
Jan 10, 2019 3:03:16 PM null
ALL: org.postgresql.core.v3.QueryExecutorImpl.execute(QueryExecutorImpl.java:217)ok
Jan 10, 2019 3:03:16 PM null
ALL: org.postgresql.jdbc.PgStatement.execute(PgStatement.java:421)ok
Jan 10, 2019 3:03:16 PM null
ALL: org.postgresql.jdbc.PgStatement.executeWithFlags(PgStatement.java:318)ok
Jan 10, 2019 3:03:16 PM null
ALL: org.postgresql.jdbc.PgStatement.executeQuery(PgStatement.java:281)ok
Jan 10, 2019 3:03:16 PM null
ALL: utiles.DBManager.ejecutarDSL(DBManager.java:387)ok
Jan 10, 2019 3:03:16 PM null
ALL: principal.CajaMain.getTotalVentas(CajaMain.java:125)ok
Jan 10, 2019 3:03:16 PM null
ALL: principal.CajaMain.resumenUltimoTurno(CajaMain.java:190)ok
Jan 10, 2019 3:03:16 PM null
ALL: principal.CajaMain.jMnuIUltimoTurnoActionPerformed(CajaMain.java:554)ok
Jan 10, 2019 3:03:16 PM null
ALL: principal.CajaMain.access$1000(CajaMain.java:32)ok
Jan 10, 2019 3:03:16 PM null
ALL: principal.CajaMain$8.actionPerformed(CajaMain.java:475)ok
Jan 10, 2019 3:03:16 PM null
ALL: javax.swing.AbstractButton.fireActionPerformed(AbstractButton.java:2022)ok
Jan 10, 2019 3:03:16 PM null
ALL: javax.swing.AbstractButton$Handler.actionPerformed(AbstractButton.java:2348)ok
Jan 10, 2019 3:03:16 PM null
ALL: javax.swing.DefaultButtonModel.fireActionPerformed(DefaultButtonModel.java:402)ok
Jan 10, 2019 3:03:16 PM null
ALL: javax.swing.DefaultButtonModel.setPressed(DefaultButtonModel.java:259)ok
Jan 10, 2019 3:03:16 PM null
ALL: javax.swing.AbstractButton.doClick(AbstractButton.java:376)ok
Jan 10, 2019 3:03:16 PM null
ALL: javax.swing.plaf.basic.BasicMenuItemUI.doClick(BasicMenuItemUI.java:842)ok
Jan 10, 2019 3:03:16 PM null
ALL: javax.swing.plaf.basic.BasicMenuItemUI$Handler.mouseReleased(BasicMenuItemUI.java:886)ok
Jan 10, 2019 3:03:16 PM null
ALL: java.awt.Component.processMouseEvent(Component.java:6533)ok
Jan 10, 2019 3:03:16 PM null
ALL: javax.swing.JComponent.processMouseEvent(JComponent.java:3324)ok
Jan 10, 2019 3:03:16 PM null
ALL: java.awt.Component.processEvent(Component.java:6298)ok
Jan 10, 2019 3:03:16 PM null
ALL: java.awt.Container.processEvent(Container.java:2237)ok
Jan 10, 2019 3:03:16 PM null
ALL: java.awt.Component.dispatchEventImpl(Component.java:4889)ok
Jan 10, 2019 3:03:16 PM null
ALL: java.awt.Container.dispatchEventImpl(Container.java:2295)ok
Jan 10, 2019 3:03:16 PM null
ALL: java.awt.Component.dispatchEvent(Component.java:4711)ok
Jan 10, 2019 3:03:16 PM null
ALL: java.awt.LightweightDispatcher.retargetMouseEvent(Container.java:4889)ok
Jan 10, 2019 3:03:16 PM null
ALL: java.awt.LightweightDispatcher.processMouseEvent(Container.java:4526)ok
Jan 10, 2019 3:03:16 PM null
ALL: java.awt.LightweightDispatcher.dispatchEvent(Container.java:4467)ok
Jan 10, 2019 3:03:16 PM null
ALL: java.awt.Container.dispatchEventImpl(Container.java:2281)ok
Jan 10, 2019 3:03:16 PM null
ALL: java.awt.Window.dispatchEventImpl(Window.java:2746)ok
Jan 10, 2019 3:03:16 PM null
ALL: java.awt.Component.dispatchEvent(Component.java:4711)ok
Jan 10, 2019 3:03:16 PM null
ALL: java.awt.EventQueue.dispatchEventImpl(EventQueue.java:758)ok
Jan 10, 2019 3:03:16 PM null
ALL: java.awt.EventQueue.access$500(EventQueue.java:97)ok
Jan 10, 2019 3:03:16 PM null
ALL: java.awt.EventQueue$3.run(EventQueue.java:709)ok
Jan 10, 2019 3:03:16 PM null
ALL: java.awt.EventQueue$3.run(EventQueue.java:703)ok
Jan 10, 2019 3:03:16 PM null
ALL: java.security.AccessController.doPrivileged(Native Method)ok
Jan 10, 2019 3:03:16 PM null
ALL: java.security.ProtectionDomain$JavaSecurityAccessImpl.doIntersectionPrivilege(ProtectionDomain.java:80)ok
Jan 10, 2019 3:03:16 PM null
ALL: java.security.ProtectionDomain$JavaSecurityAccessImpl.doIntersectionPrivilege(ProtectionDomain.java:90)ok
Jan 10, 2019 3:03:16 PM null
ALL: java.awt.EventQueue$4.run(EventQueue.java:731)ok
Jan 10, 2019 3:03:16 PM null
ALL: java.awt.EventQueue$4.run(EventQueue.java:729)ok
Jan 10, 2019 3:03:16 PM null
ALL: java.security.AccessController.doPrivileged(Native Method)ok
Jan 10, 2019 3:03:16 PM null
ALL: java.security.ProtectionDomain$JavaSecurityAccessImpl.doIntersectionPrivilege(ProtectionDomain.java:80)ok
Jan 10, 2019 3:03:16 PM null
ALL: java.awt.EventQueue.dispatchEvent(EventQueue.java:728)ok
Jan 10, 2019 3:03:16 PM null
ALL: java.awt.EventDispatchThread.pumpOneEventForFilters(EventDispatchThread.java:201)ok
Jan 10, 2019 3:03:16 PM null
ALL: java.awt.EventDispatchThread.pumpEventsForFilter(EventDispatchThread.java:116)ok
Jan 10, 2019 3:03:16 PM null
ALL: java.awt.EventDispatchThread.pumpEventsForHierarchy(EventDispatchThread.java:105)ok
Jan 10, 2019 3:03:16 PM null
ALL: java.awt.EventDispatchThread.pumpEvents(EventDispatchThread.java:101)ok
Jan 10, 2019 3:03:16 PM null
ALL: java.awt.EventDispatchThread.pumpEvents(EventDispatchThread.java:93)ok
Jan 10, 2019 3:03:16 PM null
ALL: java.awt.EventDispatchThread.run(EventDispatchThread.java:82)ok
Jan 10, 2019 3:03:16 PM null
OFF: ERROR: error de sintaxis en o cerca de «AND»
  Position: 70
Jan 10, 2019 3:03:16 PM null
ALL: org.postgresql.core.v3.QueryExecutorImpl.receiveErrorResponse(QueryExecutorImpl.java:2310)ok
Jan 10, 2019 3:03:16 PM null
ALL: org.postgresql.core.v3.QueryExecutorImpl.processResults(QueryExecutorImpl.java:2023)ok
Jan 10, 2019 3:03:16 PM null
ALL: org.postgresql.core.v3.QueryExecutorImpl.execute(QueryExecutorImpl.java:217)ok
Jan 10, 2019 3:03:16 PM null
ALL: org.postgresql.jdbc.PgStatement.execute(PgStatement.java:421)ok
Jan 10, 2019 3:03:16 PM null
ALL: org.postgresql.jdbc.PgStatement.executeWithFlags(PgStatement.java:318)ok
Jan 10, 2019 3:03:16 PM null
ALL: org.postgresql.jdbc.PgStatement.executeQuery(PgStatement.java:281)ok
Jan 10, 2019 3:03:16 PM null
ALL: utiles.DBManager.ejecutarDSL(DBManager.java:387)ok
Jan 10, 2019 3:03:16 PM null
ALL: principal.CajaMain.getTotalDescuentos(CajaMain.java:148)ok
Jan 10, 2019 3:03:16 PM null
ALL: principal.CajaMain.resumenUltimoTurno(CajaMain.java:191)ok
Jan 10, 2019 3:03:16 PM null
ALL: principal.CajaMain.jMnuIUltimoTurnoActionPerformed(CajaMain.java:554)ok
Jan 10, 2019 3:03:16 PM null
ALL: principal.CajaMain.access$1000(CajaMain.java:32)ok
Jan 10, 2019 3:03:16 PM null
ALL: principal.CajaMain$8.actionPerformed(CajaMain.java:475)ok
Jan 10, 2019 3:03:16 PM null
ALL: javax.swing.AbstractButton.fireActionPerformed(AbstractButton.java:2022)ok
Jan 10, 2019 3:03:16 PM null
ALL: javax.swing.AbstractButton$Handler.actionPerformed(AbstractButton.java:2348)ok
Jan 10, 2019 3:03:16 PM null
ALL: javax.swing.DefaultButtonModel.fireActionPerformed(DefaultButtonModel.java:402)ok
Jan 10, 2019 3:03:16 PM null
ALL: javax.swing.DefaultButtonModel.setPressed(DefaultButtonModel.java:259)ok
Jan 10, 2019 3:03:16 PM null
ALL: javax.swing.AbstractButton.doClick(AbstractButton.java:376)ok
Jan 10, 2019 3:03:16 PM null
ALL: javax.swing.plaf.basic.BasicMenuItemUI.doClick(BasicMenuItemUI.java:842)ok
Jan 10, 2019 3:03:16 PM null
ALL: javax.swing.plaf.basic.BasicMenuItemUI$Handler.mouseReleased(BasicMenuItemUI.java:886)ok
Jan 10, 2019 3:03:16 PM null
ALL: java.awt.Component.processMouseEvent(Component.java:6533)ok
Jan 10, 2019 3:03:16 PM null
ALL: javax.swing.JComponent.processMouseEvent(JComponent.java:3324)ok
Jan 10, 2019 3:03:16 PM null
ALL: java.awt.Component.processEvent(Component.java:6298)ok
Jan 10, 2019 3:03:16 PM null
ALL: java.awt.Container.processEvent(Container.java:2237)ok
Jan 10, 2019 3:03:16 PM null
ALL: java.awt.Component.dispatchEventImpl(Component.java:4889)ok
Jan 10, 2019 3:03:16 PM null
ALL: java.awt.Container.dispatchEventImpl(Container.java:2295)ok
Jan 10, 2019 3:03:16 PM null
ALL: java.awt.Component.dispatchEvent(Component.java:4711)ok
Jan 10, 2019 3:03:16 PM null
ALL: java.awt.LightweightDispatcher.retargetMouseEvent(Container.java:4889)ok
Jan 10, 2019 3:03:16 PM null
ALL: java.awt.LightweightDispatcher.processMouseEvent(Container.java:4526)ok
Jan 10, 2019 3:03:16 PM null
ALL: java.awt.LightweightDispatcher.dispatchEvent(Container.java:4467)ok
Jan 10, 2019 3:03:16 PM null
ALL: java.awt.Container.dispatchEventImpl(Container.java:2281)ok
Jan 10, 2019 3:03:16 PM null
ALL: java.awt.Window.dispatchEventImpl(Window.java:2746)ok
Jan 10, 2019 3:03:16 PM null
ALL: java.awt.Component.dispatchEvent(Component.java:4711)ok
Jan 10, 2019 3:03:16 PM null
ALL: java.awt.EventQueue.dispatchEventImpl(EventQueue.java:758)ok
Jan 10, 2019 3:03:16 PM null
ALL: java.awt.EventQueue.access$500(EventQueue.java:97)ok
Jan 10, 2019 3:03:16 PM null
ALL: java.awt.EventQueue$3.run(EventQueue.java:709)ok
Jan 10, 2019 3:03:16 PM null
ALL: java.awt.EventQueue$3.run(EventQueue.java:703)ok
Jan 10, 2019 3:03:16 PM null
ALL: java.security.AccessController.doPrivileged(Native Method)ok
Jan 10, 2019 3:03:16 PM null
ALL: java.security.ProtectionDomain$JavaSecurityAccessImpl.doIntersectionPrivilege(ProtectionDomain.java:80)ok
Jan 10, 2019 3:03:16 PM null
ALL: java.security.ProtectionDomain$JavaSecurityAccessImpl.doIntersectionPrivilege(ProtectionDomain.java:90)ok
Jan 10, 2019 3:03:16 PM null
ALL: java.awt.EventQueue$4.run(EventQueue.java:731)ok
Jan 10, 2019 3:03:16 PM null
ALL: java.awt.EventQueue$4.run(EventQueue.java:729)ok
Jan 10, 2019 3:03:16 PM null
ALL: java.security.AccessController.doPrivileged(Native Method)ok
Jan 10, 2019 3:03:16 PM null
ALL: java.security.ProtectionDomain$JavaSecurityAccessImpl.doIntersectionPrivilege(ProtectionDomain.java:80)ok
Jan 10, 2019 3:03:16 PM null
ALL: java.awt.EventQueue.dispatchEvent(EventQueue.java:728)ok
Jan 10, 2019 3:03:16 PM null
ALL: java.awt.EventDispatchThread.pumpOneEventForFilters(EventDispatchThread.java:201)ok
Jan 10, 2019 3:03:16 PM null
ALL: java.awt.EventDispatchThread.pumpEventsForFilter(EventDispatchThread.java:116)ok
Jan 10, 2019 3:03:16 PM null
ALL: java.awt.EventDispatchThread.pumpEventsForHierarchy(EventDispatchThread.java:105)ok
Jan 10, 2019 3:03:16 PM null
ALL: java.awt.EventDispatchThread.pumpEvents(EventDispatchThread.java:101)ok
Jan 10, 2019 3:03:16 PM null
ALL: java.awt.EventDispatchThread.pumpEvents(EventDispatchThread.java:93)ok
Jan 10, 2019 3:03:16 PM null
ALL: java.awt.EventDispatchThread.run(EventDispatchThread.java:82)ok
Jan 10, 2019 3:03:16 PM null
OFF: ERROR: error de sintaxis en o cerca de «AND»
  Position: 230
Jan 10, 2019 3:03:16 PM null
ALL: org.postgresql.core.v3.QueryExecutorImpl.receiveErrorResponse(QueryExecutorImpl.java:2310)ok
Jan 10, 2019 3:03:16 PM null
ALL: org.postgresql.core.v3.QueryExecutorImpl.processResults(QueryExecutorImpl.java:2023)ok
Jan 10, 2019 3:03:16 PM null
ALL: org.postgresql.core.v3.QueryExecutorImpl.execute(QueryExecutorImpl.java:217)ok
Jan 10, 2019 3:03:16 PM null
ALL: org.postgresql.jdbc.PgStatement.execute(PgStatement.java:421)ok
Jan 10, 2019 3:03:16 PM null
ALL: org.postgresql.jdbc.PgStatement.executeWithFlags(PgStatement.java:318)ok
Jan 10, 2019 3:03:16 PM null
ALL: org.postgresql.jdbc.PgStatement.executeQuery(PgStatement.java:281)ok
Jan 10, 2019 3:03:16 PM null
ALL: utiles.LibReportes$1.run(LibReportes.java:55)ok
Jan 10, 2019 3:03:16 PM null
ALL: java.lang.Thread.run(Thread.java:748)ok
