Dec 28, 2018 10:51:35 AM null
OFF: For input string: ""
Dec 28, 2018 10:51:35 AM null
ALL: java.lang.NumberFormatException.forInputString(Unknown Source)ok
Dec 28, 2018 10:51:35 AM null
ALL: java.lang.Integer.parseInt(Unknown Source)ok
Dec 28, 2018 10:51:35 AM null
ALL: java.lang.Integer.parseInt(Unknown Source)ok
Dec 28, 2018 10:51:35 AM null
ALL: utiles.Utiles.isNumeric(Utiles.java:104)ok
Dec 28, 2018 10:51:35 AM null
ALL: ModRegistros.Barras.jBAceptarActionPerformed(Barras.java:371)ok
Dec 28, 2018 10:51:35 AM null
ALL: ModRegistros.Barras.access$700(Barras.java:23)ok
Dec 28, 2018 10:51:35 AM null
ALL: ModRegistros.Barras$7.actionPerformed(Barras.java:136)ok
Dec 28, 2018 10:51:35 AM null
ALL: javax.swing.AbstractButton.fireActionPerformed(Unknown Source)ok
Dec 28, 2018 10:51:35 AM null
ALL: javax.swing.AbstractButton$Handler.actionPerformed(Unknown Source)ok
Dec 28, 2018 10:51:35 AM null
ALL: javax.swing.DefaultButtonModel.fireActionPerformed(Unknown Source)ok
Dec 28, 2018 10:51:35 AM null
ALL: javax.swing.DefaultButtonModel.setPressed(Unknown Source)ok
Dec 28, 2018 10:51:35 AM null
ALL: javax.swing.plaf.basic.BasicButtonListener.mouseReleased(Unknown Source)ok
Dec 28, 2018 10:51:35 AM null
ALL: org.jvnet.substance.utils.RolloverButtonListener.mouseReleased(RolloverButtonListener.java:110)ok
Dec 28, 2018 10:51:35 AM null
ALL: java.awt.Component.processMouseEvent(Unknown Source)ok
Dec 28, 2018 10:51:35 AM null
ALL: javax.swing.JComponent.processMouseEvent(Unknown Source)ok
Dec 28, 2018 10:51:35 AM null
ALL: java.awt.Component.processEvent(Unknown Source)ok
Dec 28, 2018 10:51:35 AM null
ALL: java.awt.Container.processEvent(Unknown Source)ok
Dec 28, 2018 10:51:35 AM null
ALL: java.awt.Component.dispatchEventImpl(Unknown Source)ok
Dec 28, 2018 10:51:35 AM null
ALL: java.awt.Container.dispatchEventImpl(Unknown Source)ok
Dec 28, 2018 10:51:35 AM null
ALL: java.awt.Component.dispatchEvent(Unknown Source)ok
Dec 28, 2018 10:51:35 AM null
ALL: java.awt.LightweightDispatcher.retargetMouseEvent(Unknown Source)ok
Dec 28, 2018 10:51:35 AM null
ALL: java.awt.LightweightDispatcher.processMouseEvent(Unknown Source)ok
Dec 28, 2018 10:51:35 AM null
ALL: java.awt.LightweightDispatcher.dispatchEvent(Unknown Source)ok
Dec 28, 2018 10:51:35 AM null
ALL: java.awt.Container.dispatchEventImpl(Unknown Source)ok
Dec 28, 2018 10:51:35 AM null
ALL: java.awt.Window.dispatchEventImpl(Unknown Source)ok
Dec 28, 2018 10:51:35 AM null
ALL: java.awt.Component.dispatchEvent(Unknown Source)ok
Dec 28, 2018 10:51:35 AM null
ALL: java.awt.EventQueue.dispatchEventImpl(Unknown Source)ok
Dec 28, 2018 10:51:35 AM null
ALL: java.awt.EventQueue.access$500(Unknown Source)ok
Dec 28, 2018 10:51:35 AM null
ALL: java.awt.EventQueue$3.run(Unknown Source)ok
Dec 28, 2018 10:51:35 AM null
ALL: java.awt.EventQueue$3.run(Unknown Source)ok
Dec 28, 2018 10:51:35 AM null
ALL: java.security.AccessController.doPrivileged(Native Method)ok
Dec 28, 2018 10:51:35 AM null
ALL: java.security.ProtectionDomain$JavaSecurityAccessImpl.doIntersectionPrivilege(Unknown Source)ok
Dec 28, 2018 10:51:35 AM null
ALL: java.security.ProtectionDomain$JavaSecurityAccessImpl.doIntersectionPrivilege(Unknown Source)ok
Dec 28, 2018 10:51:35 AM null
ALL: java.awt.EventQueue$4.run(Unknown Source)ok
Dec 28, 2018 10:51:35 AM null
ALL: java.awt.EventQueue$4.run(Unknown Source)ok
Dec 28, 2018 10:51:35 AM null
ALL: java.security.AccessController.doPrivileged(Native Method)ok
Dec 28, 2018 10:51:35 AM null
ALL: java.security.ProtectionDomain$JavaSecurityAccessImpl.doIntersectionPrivilege(Unknown Source)ok
Dec 28, 2018 10:51:35 AM null
ALL: java.awt.EventQueue.dispatchEvent(Unknown Source)ok
Dec 28, 2018 10:51:35 AM null
ALL: java.awt.EventDispatchThread.pumpOneEventForFilters(Unknown Source)ok
Dec 28, 2018 10:51:35 AM null
ALL: java.awt.EventDispatchThread.pumpEventsForFilter(Unknown Source)ok
Dec 28, 2018 10:51:35 AM null
ALL: java.awt.EventDispatchThread.pumpEventsForFilter(Unknown Source)ok
Dec 28, 2018 10:51:35 AM null
ALL: java.awt.WaitDispatchSupport$2.run(Unknown Source)ok
Dec 28, 2018 10:51:35 AM null
ALL: java.awt.WaitDispatchSupport$4.run(Unknown Source)ok
Dec 28, 2018 10:51:35 AM null
ALL: java.awt.WaitDispatchSupport$4.run(Unknown Source)ok
Dec 28, 2018 10:51:35 AM null
ALL: java.security.AccessController.doPrivileged(Native Method)ok
Dec 28, 2018 10:51:35 AM null
ALL: java.awt.WaitDispatchSupport.enter(Unknown Source)ok
Dec 28, 2018 10:51:35 AM null
ALL: java.awt.Dialog.show(Unknown Source)ok
Dec 28, 2018 10:51:35 AM null
ALL: java.awt.Component.show(Unknown Source)ok
Dec 28, 2018 10:51:35 AM null
ALL: java.awt.Component.setVisible(Unknown Source)ok
Dec 28, 2018 10:51:35 AM null
ALL: java.awt.Window.setVisible(Unknown Source)ok
Dec 28, 2018 10:51:35 AM null
ALL: java.awt.Dialog.setVisible(Unknown Source)ok
Dec 28, 2018 10:51:35 AM null
ALL: ModRegistros.Articulos.jBAgregarCodBarrasActionPerformed(Articulos.java:1345)ok
Dec 28, 2018 10:51:35 AM null
ALL: ModRegistros.Articulos.access$3700(Articulos.java:45)ok
Dec 28, 2018 10:51:35 AM null
ALL: ModRegistros.Articulos$34.actionPerformed(Articulos.java:792)ok
Dec 28, 2018 10:51:35 AM null
ALL: javax.swing.AbstractButton.fireActionPerformed(Unknown Source)ok
Dec 28, 2018 10:51:35 AM null
ALL: javax.swing.AbstractButton$Handler.actionPerformed(Unknown Source)ok
Dec 28, 2018 10:51:35 AM null
ALL: javax.swing.DefaultButtonModel.fireActionPerformed(Unknown Source)ok
Dec 28, 2018 10:51:35 AM null
ALL: javax.swing.DefaultButtonModel.setPressed(Unknown Source)ok
Dec 28, 2018 10:51:35 AM null
ALL: javax.swing.plaf.basic.BasicButtonListener.mouseReleased(Unknown Source)ok
Dec 28, 2018 10:51:35 AM null
ALL: org.jvnet.substance.utils.RolloverButtonListener.mouseReleased(RolloverButtonListener.java:110)ok
Dec 28, 2018 10:51:35 AM null
ALL: java.awt.Component.processMouseEvent(Unknown Source)ok
Dec 28, 2018 10:51:35 AM null
ALL: javax.swing.JComponent.processMouseEvent(Unknown Source)ok
Dec 28, 2018 10:51:35 AM null
ALL: java.awt.Component.processEvent(Unknown Source)ok
Dec 28, 2018 10:51:35 AM null
ALL: java.awt.Container.processEvent(Unknown Source)ok
Dec 28, 2018 10:51:35 AM null
ALL: java.awt.Component.dispatchEventImpl(Unknown Source)ok
Dec 28, 2018 10:51:35 AM null
ALL: java.awt.Container.dispatchEventImpl(Unknown Source)ok
Dec 28, 2018 10:51:35 AM null
ALL: java.awt.Component.dispatchEvent(Unknown Source)ok
Dec 28, 2018 10:51:35 AM null
ALL: java.awt.LightweightDispatcher.retargetMouseEvent(Unknown Source)ok
Dec 28, 2018 10:51:35 AM null
ALL: java.awt.LightweightDispatcher.processMouseEvent(Unknown Source)ok
Dec 28, 2018 10:51:35 AM null
ALL: java.awt.LightweightDispatcher.dispatchEvent(Unknown Source)ok
Dec 28, 2018 10:51:35 AM null
ALL: java.awt.Container.dispatchEventImpl(Unknown Source)ok
Dec 28, 2018 10:51:35 AM null
ALL: java.awt.Window.dispatchEventImpl(Unknown Source)ok
Dec 28, 2018 10:51:35 AM null
ALL: java.awt.Component.dispatchEvent(Unknown Source)ok
Dec 28, 2018 10:51:35 AM null
ALL: java.awt.EventQueue.dispatchEventImpl(Unknown Source)ok
Dec 28, 2018 10:51:35 AM null
ALL: java.awt.EventQueue.access$500(Unknown Source)ok
Dec 28, 2018 10:51:35 AM null
ALL: java.awt.EventQueue$3.run(Unknown Source)ok
Dec 28, 2018 10:51:35 AM null
ALL: java.awt.EventQueue$3.run(Unknown Source)ok
Dec 28, 2018 10:51:35 AM null
ALL: java.security.AccessController.doPrivileged(Native Method)ok
Dec 28, 2018 10:51:35 AM null
ALL: java.security.ProtectionDomain$JavaSecurityAccessImpl.doIntersectionPrivilege(Unknown Source)ok
Dec 28, 2018 10:51:35 AM null
ALL: java.security.ProtectionDomain$JavaSecurityAccessImpl.doIntersectionPrivilege(Unknown Source)ok
Dec 28, 2018 10:51:35 AM null
ALL: java.awt.EventQueue$4.run(Unknown Source)ok
Dec 28, 2018 10:51:35 AM null
ALL: java.awt.EventQueue$4.run(Unknown Source)ok
Dec 28, 2018 10:51:35 AM null
ALL: java.security.AccessController.doPrivileged(Native Method)ok
Dec 28, 2018 10:51:35 AM null
ALL: java.security.ProtectionDomain$JavaSecurityAccessImpl.doIntersectionPrivilege(Unknown Source)ok
Dec 28, 2018 10:51:35 AM null
ALL: java.awt.EventQueue.dispatchEvent(Unknown Source)ok
Dec 28, 2018 10:51:35 AM null
ALL: java.awt.EventDispatchThread.pumpOneEventForFilters(Unknown Source)ok
Dec 28, 2018 10:51:35 AM null
ALL: java.awt.EventDispatchThread.pumpEventsForFilter(Unknown Source)ok
Dec 28, 2018 10:51:35 AM null
ALL: java.awt.EventDispatchThread.pumpEventsForFilter(Unknown Source)ok
Dec 28, 2018 10:51:35 AM null
ALL: java.awt.WaitDispatchSupport$2.run(Unknown Source)ok
Dec 28, 2018 10:51:35 AM null
ALL: java.awt.WaitDispatchSupport$4.run(Unknown Source)ok
Dec 28, 2018 10:51:35 AM null
ALL: java.awt.WaitDispatchSupport$4.run(Unknown Source)ok
Dec 28, 2018 10:51:35 AM null
ALL: java.security.AccessController.doPrivileged(Native Method)ok
Dec 28, 2018 10:51:35 AM null
ALL: java.awt.WaitDispatchSupport.enter(Unknown Source)ok
Dec 28, 2018 10:51:35 AM null
ALL: java.awt.Dialog.show(Unknown Source)ok
Dec 28, 2018 10:51:35 AM null
ALL: java.awt.Component.show(Unknown Source)ok
Dec 28, 2018 10:51:35 AM null
ALL: java.awt.Component.setVisible(Unknown Source)ok
Dec 28, 2018 10:51:35 AM null
ALL: java.awt.Window.setVisible(Unknown Source)ok
Dec 28, 2018 10:51:35 AM null
ALL: java.awt.Dialog.setVisible(Unknown Source)ok
Dec 28, 2018 10:51:35 AM null
ALL: principal.FormRegistrosBase.jMnuArticulosActionPerformed(FormRegistrosBase.java:243)ok
Dec 28, 2018 10:51:35 AM null
ALL: principal.FormRegistrosBase.access$000(FormRegistrosBase.java:28)ok
Dec 28, 2018 10:51:35 AM null
ALL: principal.FormRegistrosBase$2.actionPerformed(FormRegistrosBase.java:105)ok
Dec 28, 2018 10:51:35 AM null
ALL: javax.swing.AbstractButton.fireActionPerformed(Unknown Source)ok
Dec 28, 2018 10:51:35 AM null
ALL: javax.swing.AbstractButton$Handler.actionPerformed(Unknown Source)ok
Dec 28, 2018 10:51:35 AM null
ALL: javax.swing.DefaultButtonModel.fireActionPerformed(Unknown Source)ok
Dec 28, 2018 10:51:35 AM null
ALL: javax.swing.DefaultButtonModel.setPressed(Unknown Source)ok
Dec 28, 2018 10:51:35 AM null
ALL: javax.swing.AbstractButton.doClick(Unknown Source)ok
Dec 28, 2018 10:51:35 AM null
ALL: javax.swing.plaf.basic.BasicMenuItemUI.doClick(Unknown Source)ok
Dec 28, 2018 10:51:35 AM null
ALL: javax.swing.plaf.basic.BasicMenuItemUI$Handler.mouseReleased(Unknown Source)ok
Dec 28, 2018 10:51:35 AM null
ALL: java.awt.Component.processMouseEvent(Unknown Source)ok
Dec 28, 2018 10:51:35 AM null
ALL: javax.swing.JComponent.processMouseEvent(Unknown Source)ok
Dec 28, 2018 10:51:35 AM null
ALL: java.awt.Component.processEvent(Unknown Source)ok
Dec 28, 2018 10:51:35 AM null
ALL: java.awt.Container.processEvent(Unknown Source)ok
Dec 28, 2018 10:51:35 AM null
ALL: java.awt.Component.dispatchEventImpl(Unknown Source)ok
Dec 28, 2018 10:51:35 AM null
ALL: java.awt.Container.dispatchEventImpl(Unknown Source)ok
Dec 28, 2018 10:51:35 AM null
ALL: java.awt.Component.dispatchEvent(Unknown Source)ok
Dec 28, 2018 10:51:35 AM null
ALL: java.awt.LightweightDispatcher.retargetMouseEvent(Unknown Source)ok
Dec 28, 2018 10:51:35 AM null
ALL: java.awt.LightweightDispatcher.processMouseEvent(Unknown Source)ok
Dec 28, 2018 10:51:35 AM null
ALL: java.awt.LightweightDispatcher.dispatchEvent(Unknown Source)ok
Dec 28, 2018 10:51:35 AM null
ALL: java.awt.Container.dispatchEventImpl(Unknown Source)ok
Dec 28, 2018 10:51:35 AM null
ALL: java.awt.Window.dispatchEventImpl(Unknown Source)ok
Dec 28, 2018 10:51:35 AM null
ALL: java.awt.Component.dispatchEvent(Unknown Source)ok
Dec 28, 2018 10:51:35 AM null
ALL: java.awt.EventQueue.dispatchEventImpl(Unknown Source)ok
Dec 28, 2018 10:51:35 AM null
ALL: java.awt.EventQueue.access$500(Unknown Source)ok
Dec 28, 2018 10:51:35 AM null
ALL: java.awt.EventQueue$3.run(Unknown Source)ok
Dec 28, 2018 10:51:35 AM null
ALL: java.awt.EventQueue$3.run(Unknown Source)ok
Dec 28, 2018 10:51:35 AM null
ALL: java.security.AccessController.doPrivileged(Native Method)ok
Dec 28, 2018 10:51:35 AM null
ALL: java.security.ProtectionDomain$JavaSecurityAccessImpl.doIntersectionPrivilege(Unknown Source)ok
Dec 28, 2018 10:51:35 AM null
ALL: java.security.ProtectionDomain$JavaSecurityAccessImpl.doIntersectionPrivilege(Unknown Source)ok
Dec 28, 2018 10:51:35 AM null
ALL: java.awt.EventQueue$4.run(Unknown Source)ok
Dec 28, 2018 10:51:35 AM null
ALL: java.awt.EventQueue$4.run(Unknown Source)ok
Dec 28, 2018 10:51:35 AM null
ALL: java.security.AccessController.doPrivileged(Native Method)ok
Dec 28, 2018 10:51:35 AM null
ALL: java.security.ProtectionDomain$JavaSecurityAccessImpl.doIntersectionPrivilege(Unknown Source)ok
Dec 28, 2018 10:51:35 AM null
ALL: java.awt.EventQueue.dispatchEvent(Unknown Source)ok
Dec 28, 2018 10:51:35 AM null
ALL: java.awt.EventDispatchThread.pumpOneEventForFilters(Unknown Source)ok
Dec 28, 2018 10:51:35 AM null
ALL: java.awt.EventDispatchThread.pumpEventsForFilter(Unknown Source)ok
Dec 28, 2018 10:51:35 AM null
ALL: java.awt.EventDispatchThread.pumpEventsForHierarchy(Unknown Source)ok
Dec 28, 2018 10:51:35 AM null
ALL: java.awt.EventDispatchThread.pumpEvents(Unknown Source)ok
Dec 28, 2018 10:51:35 AM null
ALL: java.awt.EventDispatchThread.pumpEvents(Unknown Source)ok
Dec 28, 2018 10:51:35 AM null
ALL: java.awt.EventDispatchThread.run(Unknown Source)ok
